#
# A fatal error has been detected by the Java Runtime Environment:
#
#  SIGSEGV (0xb) at pc=0x00007fff8724df93, pid=20996, tid=3331
#
# JRE version: Java(TM) SE Runtime Environment (7.0_75-b13) (build 1.7.0_75-b13)
# Java VM: Java HotSpot(TM) 64-Bit Server VM (24.75-b04 mixed mode bsd-amd64 compressed oops)
# Problematic frame:
# C  [GLEngine+0x15bf93]  gleRunVertexSubmitImmediate+0x27e3
#
# Failed to write core dump. Core dumps have been disabled. To enable core dumping, try "ulimit -c unlimited" before starting Java again
#
# If you would like to submit a bug report, please visit:
#   http://bugreport.sun.com/bugreport/crash.jsp
# The crash happened outside the Java Virtual Machine in native code.
# See problematic frame for where to report the bug.
#

---------------  T H R E A D  ---------------

Current thread (0x00007fb69a804000):  JavaThread "main" [_thread_in_native, id=3331, stack(0x0000000100b67000,0x0000000100c67000)]

siginfo:si_signo=SIGSEGV: si_errno=0, si_code=1 (SEGV_MAPERR), si_addr=0x0000000000000000

Registers:
RAX=0x00007fff8724dc5f, RBX=0x0000000000000006, RCX=0x0000000000000000, RDX=0x00007fff8724e468
RSP=0x0000000100c663a0, RBP=0x0000000100c665f0, RSI=0x0000000000000006, RDI=0x0000000000000027
R8 =0x0000000001841800, R9 =0x00007fb69b000c00, R10=0x00007fb699db3b30, R11=0x00007fb69b000c00
R12=0x0000000000000004, R13=0x0000000000809804, R14=0x00007fb69b000c00, R15=0x0000000000000001
RIP=0x00007fff8724df93, EFLAGS=0x0000000000010206, ERR=0x0000000000000004
  TRAPNO=0x000000000000000e

Top of Stack: (sp=0x0000000100c663a0)
0x0000000100c663a0:   00000000000000cf 0000000000000000
0x0000000100c663b0:   0000000000000000 0000000000000000
0x0000000100c663c0:   f100f79326a53912 0000000000000000
0x0000000100c663d0:   0000000110e1e000 0000000000000001
0x0000000100c663e0:   0000000000000001 0000000000000000
0x0000000100c663f0:   0000000100c664d0 0000000000100004
0x0000000100c66400:   0280000000000000 00007fb699da2a50
0x0000000100c66410:   0000000100c66500 000012344030bc6e
0x0000000100c66420:   0000000000000000 ffffffffffffffc0
0x0000000100c66430:   0000000110e1e000 0000000500000001
0x0000000100c66440:   0000000110daf000 00007fb69a94de00
0x0000000100c66450:   00007fb69b81b068 00007fb699da2aa0
0x0000000100c66460:   f100f79326a53912 0000000000080010
0x0000000100c66470:   00007fb69b000d40 00007fb69b000d70
0x0000000100c66480:   00007fb69b000d50 00007fb69b000d80
0x0000000100c66490:   00007fb69b000d60 00007fb69b000da0
0x0000000100c664a0:   0000000000000000 0000000000000000
0x0000000100c664b0:   fffffffe00000002 0000000110e1e000
0x0000000100c664c0:   0000000000003083 0000000000000001
0x0000000100c664d0:   ffffffff00c665c0 0000000000000001
0x0000000100c664e0:   00007fb69b000d90 00007fb69a1c8a00
0x0000000100c664f0:   0000000000000007 0000000110daf000
0x0000000100c66500:   0000003400000000 00007fff8b7fcc70
0x0000000100c66510:   0000000006106000 0000000000000000
0x0000000100c66520:   0000000100c6659c 0000000100c665a0
0x0000000100c66530:   0000000100c665a4 00007fb699db3a98
0x0000000100c66540:   0000000000000000 0000000000000000
0x0000000100c66550:   0000000000000000 00007fb699db3a98
0x0000000100c66560:   0000000000000003 00007fb69b000c00
0x0000000100c66570:   0000000000000000 00007fb69b000c00
0x0000000100c66580:   0000000000000000 00000001112453a0
0x0000000100c66590:   0000000111245400 0000000000000000 

Instructions: (pc=0x00007fff8724df93)
0x00007fff8724df73:   10 da 0f 14 c1 0f 16 c3 66 49 0f 7e c6 66 0f 6d
0x00007fff8724df83:   c0 66 49 0f 7e c7 bb 05 00 00 00 e9 bd 02 00 00
0x00007fff8724df93:   4c 8b 31 4c 8b 79 08 e9 2c f9 ff ff f3 0f 10 49
0x00007fff8724dfa3:   08 f2 0f 10 01 66 0f 14 c1 66 49 0f 7e c6 66 0f 

Register to memory mapping:

RAX=0x00007fff8724dc5f: gleRunVertexSubmitImmediate+0x24af in /System/Library/Frameworks/OpenGL.framework/Versions/A/Resources/GLEngine.bundle/GLEngine at 0x00007fff870f2000
RBX=0x0000000000000006 is an unknown value
RCX=0x0000000000000000 is an unknown value
RDX=0x00007fff8724e468: gleRunVertexSubmitImmediate+0x2cb8 in /System/Library/Frameworks/OpenGL.framework/Versions/A/Resources/GLEngine.bundle/GLEngine at 0x00007fff870f2000
RSP=0x0000000100c663a0 is pointing into the stack for thread: 0x00007fb69a804000
RBP=0x0000000100c665f0 is pointing into the stack for thread: 0x00007fb69a804000
RSI=0x0000000000000006 is an unknown value
RDI=0x0000000000000027 is an unknown value
R8 =0x0000000001841800 is an unknown value
R9 =0x00007fb69b000c00 is an unknown value
R10=0x00007fb699db3b30 is an unknown value
R11=0x00007fb69b000c00 is an unknown value
R12=0x0000000000000004 is an unknown value
R13=0x0000000000809804 is an unknown value
R14=0x00007fb69b000c00 is an unknown value
R15=0x0000000000000001 is an unknown value


Stack: [0x0000000100b67000,0x0000000100c67000],  sp=0x0000000100c663a0,  free space=1020k
Native frames: (J=compiled Java code, j=interpreted, Vv=VM code, C=native code)
C  [GLEngine+0x15bf93]  gleRunVertexSubmitImmediate+0x27e3
C  [GLEngine+0x288ce]  glDrawArrays_Exec+0x272
j  org.lwjgl.opengl.GL11.nglDrawArrays(IIIJ)V+0
j  org.lwjgl.opengl.GL11.glDrawArrays(III)V+20
j  com.base.engine.Mesh.draw()V+19
j  com.base.engine.Game.render()V+11
j  com.base.engine.MainComponent.render()V+10
j  com.base.engine.MainComponent.run()V+160
j  com.base.engine.MainComponent.start()V+9
j  com.base.engine.MainComponent.main([Ljava/lang/String;)V+28
v  ~StubRoutines::call_stub
V  [libjvm.dylib+0x2dbb58]  JavaCalls::call_helper(JavaValue*, methodHandle*, JavaCallArguments*, Thread*)+0x22a
V  [libjvm.dylib+0x2db928]  JavaCalls::call(JavaValue*, methodHandle, JavaCallArguments*, Thread*)+0x28
V  [libjvm.dylib+0x30f1a6]  jni_invoke_static(JNIEnv_*, JavaValue*, _jobject*, JNICallType, _jmethodID*, JNI_ArgumentPusher*, Thread*)+0xe6
V  [libjvm.dylib+0x308341]  jni_CallStaticVoidMethod+0x10b
C  [java+0x30fe]  JavaMain+0x91d
C  [libsystem_pthread.dylib+0x405a]  _pthread_body+0x83
C  [libsystem_pthread.dylib+0x3fd7]  _pthread_body+0x0
C  [libsystem_pthread.dylib+0x13ed]  thread_start+0xd

Java frames: (J=compiled Java code, j=interpreted, Vv=VM code)
j  org.lwjgl.opengl.GL11.nglDrawArrays(IIIJ)V+0
j  org.lwjgl.opengl.GL11.glDrawArrays(III)V+20
j  com.base.engine.Mesh.draw()V+19
j  com.base.engine.Game.render()V+11
j  com.base.engine.MainComponent.render()V+10
j  com.base.engine.MainComponent.run()V+160
j  com.base.engine.MainComponent.start()V+9
j  com.base.engine.MainComponent.main([Ljava/lang/String;)V+28
v  ~StubRoutines::call_stub

---------------  P R O C E S S  ---------------

Java Threads: ( => current thread )
  0x00007fb69a0df000 JavaThread "AWT-Shutdown" [_thread_blocked, id=26899, stack(0x000000010d93e000,0x000000010da3e000)]
  0x00007fb69a0d6800 JavaThread "AppKit Thread" daemon [_thread_in_native, id=1811, stack(0x00007fff5fb79000,0x00007fff5fbf9000)]
  0x00007fb69a86c000 JavaThread "Service Thread" daemon [_thread_blocked, id=16387, stack(0x000000010bca5000,0x000000010bda5000)]
  0x00007fb69a85d800 JavaThread "C2 CompilerThread1" daemon [_thread_blocked, id=15875, stack(0x000000010bba2000,0x000000010bca2000)]
  0x00007fb69a862800 JavaThread "C2 CompilerThread0" daemon [_thread_blocked, id=15363, stack(0x000000010ba9f000,0x000000010bb9f000)]
  0x00007fb69a85d000 JavaThread "Signal Dispatcher" daemon [_thread_blocked, id=11787, stack(0x000000010b99c000,0x000000010ba9c000)]
  0x00007fb69a83f800 JavaThread "Finalizer" daemon [_thread_blocked, id=9987, stack(0x000000010a012000,0x000000010a112000)]
  0x00007fb69a83e800 JavaThread "Reference Handler" daemon [_thread_blocked, id=9475, stack(0x0000000109f0f000,0x000000010a00f000)]
=>0x00007fb69a804000 JavaThread "main" [_thread_in_native, id=3331, stack(0x0000000100b67000,0x0000000100c67000)]

Other Threads:
  0x00007fb69a83c000 VMThread [stack: 0x0000000109e0c000,0x0000000109f0c000] [id=8963]
  0x00007fb69a02c000 WatcherThread [stack: 0x000000010bda8000,0x000000010bea8000] [id=16899]

VM state:not at safepoint (normal execution)

VM Mutex/Monitor currently owned by a thread: None

Heap
 PSYoungGen      total 38912K, used 4936K [0x00000007d5500000, 0x00000007d8000000, 0x0000000800000000)
  eden space 33792K, 14% used [0x00000007d5500000,0x00000007d59d2000,0x00000007d7600000)
  from space 5120K, 0% used [0x00000007d7b00000,0x00000007d7b00000,0x00000007d8000000)
  to   space 5120K, 0% used [0x00000007d7600000,0x00000007d7600000,0x00000007d7b00000)
 ParOldGen       total 87040K, used 0K [0x0000000780000000, 0x0000000785500000, 0x00000007d5500000)
  object space 87040K, 0% used [0x0000000780000000,0x0000000780000000,0x0000000785500000)
 PSPermGen       total 21504K, used 4935K [0x000000077ae00000, 0x000000077c300000, 0x0000000780000000)
  object space 21504K, 22% used [0x000000077ae00000,0x000000077b2d1e38,0x000000077c300000)

Card table byte_map: [0x0000000104200000,0x000000010462a000] byte_map_base: 0x0000000100629000

Polling page: 0x0000000100ca6000

Code Cache  [0x0000000101200000, 0x0000000101470000, 0x0000000104200000)
 total_blobs=308 nmethods=19 adapters=244 free_code_cache=48693Kb largest_free_block=49853056

Compilation events (10 events):
Event: 1.183 Thread 0x00007fb69a85d800 nmethod 15 0x000000010126df10 code [0x000000010126e040, 0x000000010126e0d8]
Event: 1.183 Thread 0x00007fb69a85d800   16             java.nio.StringCharBuffer::get (19 bytes)
Event: 1.186 Thread 0x00007fb69a85d800 nmethod 16 0x000000010126da10 code [0x000000010126db80, 0x000000010126dcf8]
Event: 1.186 Thread 0x00007fb69a85d800   17             java.nio.Buffer::nextGetIndex (31 bytes)
Event: 1.187 Thread 0x00007fb69a85d800 nmethod 17 0x000000010126d7d0 code [0x000000010126d900, 0x000000010126d978]
Event: 1.187 Thread 0x00007fb69a85d800   18             org.lwjgl.MemoryUtil$CharSequenceNT::charAt (28 bytes)
Event: 1.189 Thread 0x00007fb69a85d800 nmethod 18 0x000000010126d450 code [0x000000010126d5a0, 0x000000010126d698]
Event: 1.189 Thread 0x00007fb69a85d800   19             java.lang.String::equals (81 bytes)
Event: 1.195 Thread 0x00007fb69a85d800 nmethod 19 0x0000000101271250 code [0x00000001012713a0, 0x0000000101271618]
Event: 1.197 Thread 0x00007fb69a862800 nmethod 13 0x00000001012705d0 code [0x00000001012707a0, 0x0000000101270d00]

GC Heap History (0 events):
No events

Deoptimization events (0 events):
No events

Internal exceptions (10 events):
Event: 1.238 Thread 0x00007fb69a804000 Threw 0x00000007d594fb00 at /HUDSON/workspace/7u-2-build-macosx-x86_64/jdk7u75/1940/hotspot/src/share/vm/prims/jvm.cpp:1281
Event: 1.239 Thread 0x00007fb69a804000 Threw 0x00000007d59528e0 at /HUDSON/workspace/7u-2-build-macosx-x86_64/jdk7u75/1940/hotspot/src/share/vm/prims/jvm.cpp:1281
Event: 1.241 Thread 0x00007fb69a804000 Threw 0x00000007d595e860 at /HUDSON/workspace/7u-2-build-macosx-x86_64/jdk7u75/1940/hotspot/src/share/vm/prims/jvm.cpp:1281
Event: 1.242 Thread 0x00007fb69a804000 Threw 0x00000007d5961818 at /HUDSON/workspace/7u-2-build-macosx-x86_64/jdk7u75/1940/hotspot/src/share/vm/prims/jvm.cpp:1281
Event: 1.246 Thread 0x00007fb69a804000 Threw 0x00000007d5979250 at /HUDSON/workspace/7u-2-build-macosx-x86_64/jdk7u75/1940/hotspot/src/share/vm/prims/jvm.cpp:1281
Event: 1.246 Thread 0x00007fb69a804000 Threw 0x00000007d597b910 at /HUDSON/workspace/7u-2-build-macosx-x86_64/jdk7u75/1940/hotspot/src/share/vm/prims/jvm.cpp:1281
Event: 1.247 Thread 0x00007fb69a804000 Threw 0x00000007d597f928 at /HUDSON/workspace/7u-2-build-macosx-x86_64/jdk7u75/1940/hotspot/src/share/vm/prims/jvm.cpp:1281
Event: 1.248 Thread 0x00007fb69a804000 Threw 0x00000007d5982810 at /HUDSON/workspace/7u-2-build-macosx-x86_64/jdk7u75/1940/hotspot/src/share/vm/prims/jvm.cpp:1281
Event: 1.251 Thread 0x00007fb69a804000 Threw 0x00000007d5993088 at /HUDSON/workspace/7u-2-build-macosx-x86_64/jdk7u75/1940/hotspot/src/share/vm/prims/jvm.cpp:1281
Event: 1.253 Thread 0x00007fb69a804000 Threw 0x00000007d59955f0 at /HUDSON/workspace/7u-2-build-macosx-x86_64/jdk7u75/1940/hotspot/src/share/vm/prims/jvm.cpp:1281

Events (10 events):
Event: 1.246 loading class 0x00007fb699ce9890
Event: 1.246 loading class 0x00007fb699ce9890 done
Event: 1.247 loading class 0x00007fb699ce97a0
Event: 1.247 loading class 0x00007fb699ce97a0 done
Event: 1.248 loading class 0x00007fb699ce9960
Event: 1.248 loading class 0x00007fb699ce9960 done
Event: 1.251 loading class 0x00007fb699d212f0
Event: 1.251 loading class 0x00007fb699d212f0 done
Event: 1.253 loading class 0x00007fb699d21380
Event: 1.253 loading class 0x00007fb699d21380 done


Dynamic libraries:
0x0000000000192000 	/System/Library/Frameworks/Cocoa.framework/Versions/A/Cocoa
0x0000000000192000 	/System/Library/Frameworks/Security.framework/Versions/A/Security
0x0000000000192000 	/System/Library/Frameworks/ApplicationServices.framework/Versions/A/ApplicationServices
0x0000000000192000 	/usr/lib/libz.1.dylib
0x0000000000192000 	/usr/lib/libSystem.B.dylib
0x0000000000192000 	/usr/lib/libobjc.A.dylib
0x0000000000192000 	/System/Library/Frameworks/CoreFoundation.framework/Versions/A/CoreFoundation
0x0000000000192000 	/System/Library/Frameworks/Foundation.framework/Versions/C/Foundation
0x0000000000192000 	/System/Library/Frameworks/AppKit.framework/Versions/C/AppKit
0x0000000000192000 	/System/Library/Frameworks/CoreData.framework/Versions/A/CoreData
0x0000000000192000 	/System/Library/PrivateFrameworks/RemoteViewServices.framework/Versions/A/RemoteViewServices
0x0000000000192000 	/System/Library/PrivateFrameworks/UIFoundation.framework/Versions/A/UIFoundation
0x0000000000192000 	/System/Library/Frameworks/IOSurface.framework/Versions/A/IOSurface
0x0000000000192000 	/System/Library/Frameworks/AudioToolbox.framework/Versions/A/AudioToolbox
0x0000000000192000 	/System/Library/Frameworks/AudioUnit.framework/Versions/A/AudioUnit
0x0000000000192000 	/System/Library/PrivateFrameworks/DataDetectorsCore.framework/Versions/A/DataDetectorsCore
0x0000000000192000 	/System/Library/PrivateFrameworks/DesktopServicesPriv.framework/Versions/A/DesktopServicesPriv
0x0000000000192000 	/System/Library/Frameworks/Carbon.framework/Versions/A/Frameworks/HIToolbox.framework/Versions/A/HIToolbox
0x0000000000192000 	/System/Library/Frameworks/QuartzCore.framework/Versions/A/QuartzCore
0x0000000000192000 	/System/Library/Frameworks/Carbon.framework/Versions/A/Frameworks/SpeechRecognition.framework/Versions/A/SpeechRecognition
0x0000000000192000 	/usr/lib/libauto.dylib
0x0000000000192000 	/usr/lib/libicucore.A.dylib
0x0000000000192000 	/usr/lib/libxml2.2.dylib
0x0000000000192000 	/System/Library/PrivateFrameworks/CoreUI.framework/Versions/A/CoreUI
0x0000000000192000 	/System/Library/Frameworks/CoreAudio.framework/Versions/A/CoreAudio
0x0000000000192000 	/System/Library/Frameworks/DiskArbitration.framework/Versions/A/DiskArbitration
0x0000000000192000 	/usr/lib/liblangid.dylib
0x0000000000192000 	/System/Library/PrivateFrameworks/MultitouchSupport.framework/Versions/A/MultitouchSupport
0x0000000000192000 	/System/Library/Frameworks/IOKit.framework/Versions/A/IOKit
0x0000000000192000 	/usr/lib/libDiagnosticMessagesClient.dylib
0x0000000000192000 	/System/Library/Frameworks/CoreServices.framework/Versions/A/CoreServices
0x0000000000192000 	/System/Library/PrivateFrameworks/PerformanceAnalysis.framework/Versions/A/PerformanceAnalysis
0x0000000000192000 	/System/Library/PrivateFrameworks/GenerationalStorage.framework/Versions/A/GenerationalStorage
0x0000000000192000 	/System/Library/Frameworks/OpenGL.framework/Versions/A/OpenGL
0x0000000000192000 	/System/Library/PrivateFrameworks/Sharing.framework/Versions/A/Sharing
0x0000000000192000 	/System/Library/Frameworks/CoreGraphics.framework/Versions/A/CoreGraphics
0x0000000000192000 	/System/Library/Frameworks/CoreText.framework/Versions/A/CoreText
0x0000000000192000 	/System/Library/Frameworks/ImageIO.framework/Versions/A/ImageIO
0x0000000000192000 	/usr/lib/libextension.dylib
0x0000000000192000 	/System/Library/PrivateFrameworks/Backup.framework/Versions/A/Backup
0x0000000000192000 	/usr/lib/libarchive.2.dylib
0x0000000000192000 	/System/Library/Frameworks/CFNetwork.framework/Versions/A/CFNetwork
0x0000000000192000 	/System/Library/Frameworks/SystemConfiguration.framework/Versions/A/SystemConfiguration
0x0000000000192000 	/usr/lib/libCRFSuite.dylib
0x0000000000192000 	/usr/lib/libc++.1.dylib
0x0000000000192000 	/usr/lib/libc++abi.dylib
0x0000000000192000 	/usr/lib/system/libcache.dylib
0x0000000000192000 	/usr/lib/system/libcommonCrypto.dylib
0x0000000000192000 	/usr/lib/system/libcompiler_rt.dylib
0x0000000000192000 	/usr/lib/system/libcopyfile.dylib
0x0000000000192000 	/usr/lib/system/libcorecrypto.dylib
0x0000000000192000 	/usr/lib/system/libdispatch.dylib
0x0000000000192000 	/usr/lib/system/libdyld.dylib
0x0000000000192000 	/usr/lib/system/libkeymgr.dylib
0x0000000000192000 	/usr/lib/system/liblaunch.dylib
0x0000000000192000 	/usr/lib/system/libmacho.dylib
0x0000000000192000 	/usr/lib/system/libquarantine.dylib
0x0000000000192000 	/usr/lib/system/libremovefile.dylib
0x0000000000192000 	/usr/lib/system/libsystem_asl.dylib
0x0000000000192000 	/usr/lib/system/libsystem_blocks.dylib
0x0000000000192000 	/usr/lib/system/libsystem_c.dylib
0x0000000000192000 	/usr/lib/system/libsystem_configuration.dylib
0x0000000000192000 	/usr/lib/system/libsystem_coreservices.dylib
0x0000000000192000 	/usr/lib/system/libsystem_coretls.dylib
0x0000000000192000 	/usr/lib/system/libsystem_dnssd.dylib
0x0000000000192000 	/usr/lib/system/libsystem_info.dylib
0x0000000000192000 	/usr/lib/system/libsystem_kernel.dylib
0x0000000000192000 	/usr/lib/system/libsystem_m.dylib
0x0000000000192000 	/usr/lib/system/libsystem_malloc.dylib
0x0000000000192000 	/usr/lib/system/libsystem_network.dylib
0x0000000000192000 	/usr/lib/system/libsystem_networkextension.dylib
0x0000000000192000 	/usr/lib/system/libsystem_notify.dylib
0x0000000000192000 	/usr/lib/system/libsystem_platform.dylib
0x0000000000192000 	/usr/lib/system/libsystem_pthread.dylib
0x0000000000192000 	/usr/lib/system/libsystem_sandbox.dylib
0x0000000000192000 	/usr/lib/system/libsystem_secinit.dylib
0x0000000000192000 	/usr/lib/system/libsystem_stats.dylib
0x0000000000192000 	/usr/lib/system/libsystem_trace.dylib
0x0000000000192000 	/usr/lib/system/libunc.dylib
0x0000000000192000 	/usr/lib/system/libunwind.dylib
0x0000000000192000 	/usr/lib/system/libxpc.dylib
0x0000000000192000 	/usr/lib/libbz2.1.0.dylib
0x0000000000192000 	/usr/lib/liblzma.5.dylib
0x0000000000192000 	/usr/lib/libbsm.0.dylib
0x0000000000192000 	/usr/lib/libsqlite3.dylib
0x0000000000192000 	/usr/lib/system/libkxld.dylib
0x0000000000192000 	/usr/lib/libxar.1.dylib
0x0000000000192000 	/usr/lib/libpam.2.dylib
0x0000000000192000 	/usr/lib/libOpenScriptingUtil.dylib
0x0000000000192000 	/System/Library/Frameworks/CoreServices.framework/Versions/A/Frameworks/FSEvents.framework/Versions/A/FSEvents
0x0000000000192000 	/System/Library/Frameworks/CoreServices.framework/Versions/A/Frameworks/CarbonCore.framework/Versions/A/CarbonCore
0x0000000000192000 	/System/Library/Frameworks/CoreServices.framework/Versions/A/Frameworks/Metadata.framework/Versions/A/Metadata
0x0000000000192000 	/System/Library/Frameworks/CoreServices.framework/Versions/A/Frameworks/OSServices.framework/Versions/A/OSServices
0x0000000000192000 	/System/Library/Frameworks/CoreServices.framework/Versions/A/Frameworks/SearchKit.framework/Versions/A/SearchKit
0x0000000000192000 	/System/Library/Frameworks/CoreServices.framework/Versions/A/Frameworks/AE.framework/Versions/A/AE
0x0000000000192000 	/System/Library/Frameworks/CoreServices.framework/Versions/A/Frameworks/LaunchServices.framework/Versions/A/LaunchServices
0x0000000000192000 	/System/Library/Frameworks/CoreServices.framework/Versions/A/Frameworks/DictionaryServices.framework/Versions/A/DictionaryServices
0x0000000000192000 	/System/Library/Frameworks/NetFS.framework/Versions/A/NetFS
0x0000000000192000 	/System/Library/PrivateFrameworks/NetAuth.framework/Versions/A/NetAuth
0x0000000000192000 	/System/Library/PrivateFrameworks/login.framework/Versions/A/Frameworks/loginsupport.framework/Versions/A/loginsupport
0x0000000000192000 	/System/Library/PrivateFrameworks/TCC.framework/Versions/A/TCC
0x0000000000192000 	/usr/lib/libmecabra.dylib
0x0000000000192000 	/System/Library/Frameworks/ApplicationServices.framework/Versions/A/Frameworks/ATS.framework/Versions/A/ATS
0x0000000000192000 	/System/Library/Frameworks/ApplicationServices.framework/Versions/A/Frameworks/ColorSync.framework/Versions/A/ColorSync
0x0000000000192000 	/System/Library/Frameworks/ApplicationServices.framework/Versions/A/Frameworks/HIServices.framework/Versions/A/HIServices
0x0000000000192000 	/System/Library/Frameworks/ApplicationServices.framework/Versions/A/Frameworks/LangAnalysis.framework/Versions/A/LangAnalysis
0x0000000000192000 	/System/Library/Frameworks/ApplicationServices.framework/Versions/A/Frameworks/PrintCore.framework/Versions/A/PrintCore
0x0000000000192000 	/System/Library/Frameworks/ApplicationServices.framework/Versions/A/Frameworks/QD.framework/Versions/A/QD
0x0000000000192000 	/System/Library/Frameworks/ApplicationServices.framework/Versions/A/Frameworks/SpeechSynthesis.framework/Versions/A/SpeechSynthesis
0x0000000000192000 	/System/Library/Frameworks/Accelerate.framework/Versions/A/Accelerate
0x0000000000192000 	/System/Library/Frameworks/Accelerate.framework/Versions/A/Frameworks/vImage.framework/Versions/A/vImage
0x0000000000192000 	/System/Library/Frameworks/Accelerate.framework/Versions/A/Frameworks/vecLib.framework/Versions/A/vecLib
0x0000000000192000 	/System/Library/Frameworks/Accelerate.framework/Versions/A/Frameworks/vecLib.framework/Versions/A/libvDSP.dylib
0x0000000000192000 	/System/Library/Frameworks/Accelerate.framework/Versions/A/Frameworks/vecLib.framework/Versions/A/libvMisc.dylib
0x0000000000192000 	/System/Library/Frameworks/Accelerate.framework/Versions/A/Frameworks/vecLib.framework/Versions/A/libLAPACK.dylib
0x0000000000192000 	/System/Library/Frameworks/Accelerate.framework/Versions/A/Frameworks/vecLib.framework/Versions/A/libBLAS.dylib
0x0000000000192000 	/System/Library/Frameworks/Accelerate.framework/Versions/A/Frameworks/vecLib.framework/Versions/A/libLinearAlgebra.dylib
0x0000000000192000 	/System/Library/Frameworks/ApplicationServices.framework/Versions/A/Frameworks/ATS.framework/Versions/A/Resources/libFontParser.dylib
0x0000000000192000 	/System/Library/Frameworks/ApplicationServices.framework/Versions/A/Frameworks/ATS.framework/Versions/A/Resources/libFontRegistry.dylib
0x0000000000192000 	/System/Library/PrivateFrameworks/AppleVPA.framework/Versions/A/AppleVPA
0x0000000000192000 	/System/Library/PrivateFrameworks/AppleJPEG.framework/Versions/A/AppleJPEG
0x0000000000192000 	/System/Library/Frameworks/ImageIO.framework/Versions/A/Resources/libJPEG.dylib
0x0000000000192000 	/System/Library/Frameworks/ImageIO.framework/Versions/A/Resources/libTIFF.dylib
0x0000000000192000 	/System/Library/Frameworks/ImageIO.framework/Versions/A/Resources/libPng.dylib
0x0000000000192000 	/System/Library/Frameworks/ImageIO.framework/Versions/A/Resources/libGIF.dylib
0x0000000000192000 	/System/Library/Frameworks/ImageIO.framework/Versions/A/Resources/libJP2.dylib
0x0000000000192000 	/System/Library/Frameworks/ImageIO.framework/Versions/A/Resources/libRadiance.dylib
0x0000000000192000 	/System/Library/Frameworks/CoreVideo.framework/Versions/A/CoreVideo
0x0000000000192000 	/System/Library/Frameworks/OpenGL.framework/Versions/A/Libraries/libGLU.dylib
0x0000000000192000 	/System/Library/Frameworks/OpenGL.framework/Versions/A/Libraries/libGFXShared.dylib
0x0000000000192000 	/System/Library/Frameworks/OpenGL.framework/Versions/A/Libraries/libGL.dylib
0x0000000000192000 	/System/Library/Frameworks/OpenGL.framework/Versions/A/Libraries/libGLImage.dylib
0x0000000000192000 	/System/Library/Frameworks/OpenGL.framework/Versions/A/Libraries/libCVMSPluginSupport.dylib
0x0000000000192000 	/System/Library/Frameworks/OpenGL.framework/Versions/A/Libraries/libCoreVMClient.dylib
0x0000000000192000 	/usr/lib/libcups.2.dylib
0x0000000000192000 	/System/Library/Frameworks/Kerberos.framework/Versions/A/Kerberos
0x0000000000192000 	/System/Library/Frameworks/GSS.framework/Versions/A/GSS
0x0000000000192000 	/usr/lib/libresolv.9.dylib
0x0000000000192000 	/usr/lib/libiconv.2.dylib
0x0000000000192000 	/System/Library/PrivateFrameworks/Heimdal.framework/Versions/A/Heimdal
0x0000000000192000 	/usr/lib/libheimdal-asn1.dylib
0x0000000000192000 	/System/Library/Frameworks/OpenDirectory.framework/Versions/A/OpenDirectory
0x0000000000192000 	/System/Library/PrivateFrameworks/CommonAuth.framework/Versions/A/CommonAuth
0x0000000000192000 	/System/Library/Frameworks/OpenDirectory.framework/Versions/A/Frameworks/CFOpenDirectory.framework/Versions/A/CFOpenDirectory
0x0000000000192000 	/System/Library/Frameworks/SecurityFoundation.framework/Versions/A/SecurityFoundation
0x0000000000192000 	/System/Library/PrivateFrameworks/LanguageModeling.framework/Versions/A/LanguageModeling
0x0000000000192000 	/usr/lib/libcmph.dylib
0x0000000000192000 	/System/Library/Frameworks/ServiceManagement.framework/Versions/A/ServiceManagement
0x0000000000192000 	/usr/lib/libxslt.1.dylib
0x0000000000192000 	/System/Library/Frameworks/Carbon.framework/Versions/A/Frameworks/Ink.framework/Versions/A/Ink
0x0000000000192000 	/System/Library/Frameworks/QuartzCore.framework/Versions/A/Frameworks/CoreImage.framework/Versions/A/CoreImage
0x0000000000192000 	/System/Library/PrivateFrameworks/CrashReporterSupport.framework/Versions/A/CrashReporterSupport
0x0000000000192000 	/System/Library/Frameworks/OpenCL.framework/Versions/A/OpenCL
0x0000000000192000 	/System/Library/PrivateFrameworks/FaceCore.framework/Versions/A/FaceCore
0x0000000000192000 	/System/Library/PrivateFrameworks/Ubiquity.framework/Versions/A/Ubiquity
0x0000000000192000 	/System/Library/PrivateFrameworks/IconServices.framework/Versions/A/IconServices
0x0000000000192000 	/System/Library/PrivateFrameworks/ChunkingLibrary.framework/Versions/A/ChunkingLibrary
0x0000000000192000 	/System/Library/PrivateFrameworks/Apple80211.framework/Versions/A/Apple80211
0x0000000000192000 	/System/Library/Frameworks/CoreWLAN.framework/Versions/A/CoreWLAN
0x0000000000192000 	/System/Library/Frameworks/IOBluetooth.framework/Versions/A/IOBluetooth
0x0000000000192000 	/System/Library/PrivateFrameworks/CoreWiFi.framework/Versions/A/CoreWiFi
0x0000000000192000 	/System/Library/Frameworks/CoreBluetooth.framework/Versions/A/CoreBluetooth
0x0000000000192000 	/System/Library/PrivateFrameworks/DebugSymbols.framework/Versions/A/DebugSymbols
0x0000000000192000 	/System/Library/PrivateFrameworks/CoreSymbolication.framework/Versions/A/CoreSymbolication
0x0000000000192000 	/System/Library/PrivateFrameworks/Symbolication.framework/Versions/A/Symbolication
0x0000000000192000 	/System/Library/PrivateFrameworks/SpeechRecognitionCore.framework/Versions/A/SpeechRecognitionCore
0x0000000100105000 	/Library/Java/JavaVirtualMachines/jdk1.7.0_75.jdk/Contents/Home/jre/lib/server/libjvm.dylib
0x0000000000192000 	/usr/lib/libstdc++.6.dylib
0x0000000100c69000 	/Library/Java/JavaVirtualMachines/jdk1.7.0_75.jdk/Contents/Home/jre/lib/libverify.dylib
0x0000000100c76000 	/Library/Java/JavaVirtualMachines/jdk1.7.0_75.jdk/Contents/Home/jre/lib/libjava.dylib
0x0000000100cc7000 	/Library/Java/JavaVirtualMachines/jdk1.7.0_75.jdk/Contents/Home/jre/lib/libzip.dylib
0x0000000100de4000 	/System/Library/Frameworks/JavaVM.framework/Frameworks/JavaRuntimeSupport.framework/JavaRuntimeSupport
0x000000010a114000 	/System/Library/Frameworks/JavaVM.framework/Versions/A/Frameworks/JavaNativeFoundation.framework/Versions/A/JavaNativeFoundation
0x000000010a129000 	/System/Library/Frameworks/JavaVM.framework/Versions/A/JavaVM
0x0000000000192000 	/System/Library/Frameworks/Carbon.framework/Versions/A/Carbon
0x000000010a136000 	/System/Library/PrivateFrameworks/JavaLaunching.framework/Versions/A/JavaLaunching
0x0000000000192000 	/System/Library/Frameworks/Carbon.framework/Versions/A/Frameworks/CommonPanels.framework/Versions/A/CommonPanels
0x0000000000192000 	/System/Library/Frameworks/Carbon.framework/Versions/A/Frameworks/Help.framework/Versions/A/Help
0x0000000000192000 	/System/Library/Frameworks/Carbon.framework/Versions/A/Frameworks/ImageCapture.framework/Versions/A/ImageCapture
0x0000000000192000 	/System/Library/Frameworks/Carbon.framework/Versions/A/Frameworks/OpenScripting.framework/Versions/A/OpenScripting
0x0000000000192000 	/System/Library/Frameworks/Carbon.framework/Versions/A/Frameworks/Print.framework/Versions/A/Print
0x0000000000192000 	/System/Library/Frameworks/Carbon.framework/Versions/A/Frameworks/SecurityHI.framework/Versions/A/SecurityHI
0x000000010bef7000 	/Library/Java/JavaVirtualMachines/jdk1.7.0_75.jdk/Contents/Home/jre/lib/libawt.dylib
0x000000010bfa6000 	/Library/Java/JavaVirtualMachines/jdk1.7.0_75.jdk/Contents/Home/jre/lib/./libmlib_image.dylib
0x000000010c072000 	/Library/Java/JavaVirtualMachines/jdk1.7.0_75.jdk/Contents/Home/jre/lib/lwawt/liblwawt.dylib
0x000000010c126000 	/Library/Java/JavaVirtualMachines/jdk1.7.0_75.jdk/Contents/Home/jre/lib/libosxapp.dylib
0x0000000000192000 	/System/Library/Frameworks/ExceptionHandling.framework/Versions/A/ExceptionHandling
0x0000000000192000 	/System/Library/PrivateFrameworks/CoreServicesInternal.framework/Versions/A/CoreServicesInternal
0x0000000000192000 	/System/Library/PrivateFrameworks/CloudDocs.framework/Versions/A/CloudDocs
0x0000000000192000 	/System/Library/PrivateFrameworks/CoreDuet.framework/Versions/A/CoreDuet
0x0000000000192000 	/System/Library/Frameworks/CloudKit.framework/Versions/A/CloudKit
0x0000000000192000 	/System/Library/PrivateFrameworks/ProtocolBuffer.framework/Versions/A/ProtocolBuffer
0x0000000000192000 	/System/Library/PrivateFrameworks/CoreDuetDaemonProtocol.framework/Versions/A/CoreDuetDaemonProtocol
0x0000000000192000 	/System/Library/PrivateFrameworks/CoreDuetDebugLogging.framework/Versions/A/CoreDuetDebugLogging
0x0000000000192000 	/System/Library/PrivateFrameworks/MMCS.framework/Versions/A/MMCS
0x0000000000192000 	/System/Library/Frameworks/CoreLocation.framework/Versions/A/CoreLocation
0x0000000000192000 	/System/Library/PrivateFrameworks/ProtectedCloudStorage.framework/Versions/A/ProtectedCloudStorage
0x0000000000192000 	/System/Library/PrivateFrameworks/GeoServices.framework/Versions/A/GeoServices
0x0000000000192000 	/System/Library/Frameworks/CoreGraphics.framework/Versions/A/Resources/libCGCMS.A.dylib
0x0000000000192000 	/System/Library/Frameworks/CoreGraphics.framework/Versions/A/Resources/libRIP.A.dylib
0x0000000000192000 	/System/Library/Frameworks/CoreGraphics.framework/Versions/A/Resources/libCGXType.A.dylib
0x0000000000192000 	/System/Library/Frameworks/OpenCL.framework/Versions/A/Libraries/libcldcpuengine.dylib
0x0000000000192000 	/System/Library/PrivateFrameworks/DiskImages.framework/Versions/A/DiskImages
0x0000000000192000 	/System/Library/Frameworks/DiscRecording.framework/Versions/A/DiscRecording
0x0000000000192000 	/usr/lib/libcsfde.dylib
0x0000000000192000 	/usr/lib/libcurl.4.dylib
0x0000000000192000 	/System/Library/PrivateFrameworks/MediaKit.framework/Versions/A/MediaKit
0x0000000000192000 	/usr/lib/libCoreStorage.dylib
0x0000000000192000 	/System/Library/PrivateFrameworks/EFILogin.framework/Versions/A/EFILogin
0x0000000000192000 	/usr/lib/libutil.dylib
0x0000000000192000 	/System/Library/PrivateFrameworks/FindMyDevice.framework/Versions/A/FindMyDevice
0x0000000000192000 	/System/Library/Frameworks/LDAP.framework/Versions/A/LDAP
0x0000000000192000 	/usr/lib/libsasl2.2.dylib
0x0000000000192000 	/System/Library/PrivateFrameworks/CoreDaemon.framework/Versions/B/CoreDaemon
0x0000000000192000 	/usr/lib/libcrypto.0.9.8.dylib
0x0000000000192000 	/System/Library/PrivateFrameworks/AppleSRP.framework/Versions/A/AppleSRP
0x0000000000192000 	/System/Library/PrivateFrameworks/TrustEvaluationAgent.framework/Versions/A/TrustEvaluationAgent
0x000000010f0b4000 	cl_kernels
0x000000010f0b6000 	/System/Library/Frameworks/OpenCL.framework/Versions/A/Libraries/ImageFormats/unorm8_bgra.dylib
0x000000010f0a5000 	cl_kernels
0x0000000000192000 	/System/Library/PrivateFrameworks/FamilyControls.framework/Versions/A/FamilyControls
0x0000000000192000 	/System/Library/PrivateFrameworks/CommerceKit.framework/Versions/A/Frameworks/CommerceCore.framework/Versions/A/CommerceCore
0x0000000000192000 	/System/Library/PrivateFrameworks/SystemAdministration.framework/Versions/A/SystemAdministration
0x0000000000192000 	/System/Library/PrivateFrameworks/AppContainer.framework/Versions/A/AppContainer
0x0000000000192000 	/System/Library/PrivateFrameworks/SecCodeWrapper.framework/Versions/A/SecCodeWrapper
0x0000000000192000 	/System/Library/Frameworks/DirectoryService.framework/Versions/A/DirectoryService
0x0000000000192000 	/System/Library/PrivateFrameworks/LoginUIKit.framework/Versions/A/Frameworks/LoginUICore.framework/Versions/A/LoginUICore
0x0000000000192000 	/usr/lib/libodfde.dylib
0x0000000110279000 	/Library/Java/JavaVirtualMachines/jdk1.7.0_75.jdk/Contents/Home/jre/lib/libfontmanager.dylib
0x00000001102e0000 	/Users/Kesten/Documents/GLProjects/lwjgl-2.9.3/native/macosx/liblwjgl.dylib
0x000000010e5ea000 	/Library/Java/JavaVirtualMachines/jdk1.7.0_75.jdk/Contents/Home/jre/lib/libjawt.dylib
0x0000000000192000 	/System/Library/Frameworks/OpenGL.framework/Versions/A/Resources/GLEngine.bundle/GLEngine
0x0000000000192000 	/System/Library/Frameworks/OpenGL.framework/Versions/A/Libraries/libGLProgrammability.dylib
0x0000000000000000 	/System/Library/Extensions/GeForceTeslaGLDriver.bundle/Contents/MacOS/GeForceTeslaGLDriver
0x0000000110362000 	/System/Library/Extensions/GeForceTeslaGLDriver.bundle/Contents/MacOS/libclh.dylib
0x000000010e5ed000 	/System/Library/PrivateFrameworks/GPUSupport.framework/Versions/A/Libraries/libGPUSupport.dylib
0x0000000000192000 	/System/Library/Frameworks/OpenGL.framework/Versions/A/Resources/GLRendererFloat.bundle/GLRendererFloat

VM Arguments:
jvm_args: -Djava.library.path=/Users/Kesten/Documents/GLProjects/lwjgl-2.9.3/native/macosx -Dfile.encoding=UTF-8 
java_command: com.base.engine.MainComponent
Launcher Type: SUN_STANDARD

Environment Variables:
PATH=/usr/bin:/bin:/usr/sbin:/sbin
SHELL=/bin/bash
DISPLAY=/private/tmp/com.apple.launchd.GLYdjTjdSA/org.macosforge.xquartz:0

Signal Handlers:
SIGSEGV: [libjvm.dylib+0x52d20d], sa_mask[0]=0xfffefeff, sa_flags=0x00000043
SIGBUS: [libjvm.dylib+0x52d20d], sa_mask[0]=0xfffefeff, sa_flags=0x00000042
SIGFPE: [libjvm.dylib+0x41ee7a], sa_mask[0]=0xfffefeff, sa_flags=0x00000042
SIGPIPE: [libjvm.dylib+0x41ee7a], sa_mask[0]=0xfffefeff, sa_flags=0x00000042
SIGXFSZ: [libjvm.dylib+0x41ee7a], sa_mask[0]=0xfffefeff, sa_flags=0x00000042
SIGILL: [libjvm.dylib+0x41ee7a], sa_mask[0]=0xfffefeff, sa_flags=0x00000042
SIGUSR1: SIG_DFL, sa_mask[0]=0x00000000, sa_flags=0x00000000
SIGUSR2: [libjvm.dylib+0x41e96c], sa_mask[0]=0x00000004, sa_flags=0x00000042
SIGHUP: [libjvm.dylib+0x41cbfd], sa_mask[0]=0xfffefeff, sa_flags=0x00000042
SIGINT: [libjvm.dylib+0x41cbfd], sa_mask[0]=0xfffefeff, sa_flags=0x00000042
SIGTERM: [libjvm.dylib+0x41cbfd], sa_mask[0]=0xfffefeff, sa_flags=0x00000042
SIGQUIT: [libjvm.dylib+0x41cbfd], sa_mask[0]=0xfffefeff, sa_flags=0x00000042


---------------  S Y S T E M  ---------------

OS:Bsduname:Darwin 14.5.0 Darwin Kernel Version 14.5.0: Wed Jul 29 02:26:53 PDT 2015; root:xnu-2782.40.9~1/RELEASE_X86_64 x86_64
rlimit: STACK 8192k, CORE 0k, NPROC 709, NOFILE 10240, AS infinity
load average:1.97 2.14 1.85

CPU:total 2 (2 cores per cpu, 1 threads per core) family 6 model 23 stepping 10, cmov, cx8, fxsr, mmx, sse, sse2, sse3, ssse3, sse4.1, tsc

Memory: 4k page, physical 8388608k(2097152k free)

/proc/meminfo:


vm_info: Java HotSpot(TM) 64-Bit Server VM (24.75-b04) for bsd-amd64 JRE (1.7.0_75-b13), built on Dec 18 2014 21:48:12 by "java_re" with gcc 4.2.1 (Based on Apple Inc. build 5658) (LLVM build 2336.11.00)

time: Tue May 10 20:50:42 2016
elapsed time: 1 seconds

