#
# A fatal error has been detected by the Java Runtime Environment:
#
#  SIGSEGV (0xb) at pc=0x00007fff8724df93, pid=20979, tid=3331
#
# JRE version: Java(TM) SE Runtime Environment (7.0_75-b13) (build 1.7.0_75-b13)
# Java VM: Java HotSpot(TM) 64-Bit Server VM (24.75-b04 mixed mode bsd-amd64 compressed oops)
# Problematic frame:
# C  [GLEngine+0x15bf93]  gleRunVertexSubmitImmediate+0x27e3
#
# Failed to write core dump. Core dumps have been disabled. To enable core dumping, try "ulimit -c unlimited" before starting Java again
#
# If you would like to submit a bug report, please visit:
#   http://bugreport.sun.com/bugreport/crash.jsp
# The crash happened outside the Java Virtual Machine in native code.
# See problematic frame for where to report the bug.
#

---------------  T H R E A D  ---------------

Current thread (0x00007ff9c0811000):  JavaThread "main" [_thread_in_native, id=3331, stack(0x000000010b713000,0x000000010b813000)]

siginfo:si_signo=SIGSEGV: si_errno=0, si_code=1 (SEGV_MAPERR), si_addr=0x0000000000000000

Registers:
RAX=0x00007fff8724dc5f, RBX=0x0000000000000006, RCX=0x0000000000000000, RDX=0x00007fff8724e468
RSP=0x000000010b8123a0, RBP=0x000000010b8125f0, RSI=0x0000000000000006, RDI=0x0000000000000027
R8 =0x0000000001841800, R9 =0x00007ff9c1800600, R10=0x00007ff9c05b6d80, R11=0x00007ff9c1800600
R12=0x0000000000000004, R13=0x0000000000809804, R14=0x00007ff9c1800600, R15=0x0000000000000001
RIP=0x00007fff8724df93, EFLAGS=0x0000000000010206, ERR=0x0000000000000004
  TRAPNO=0x000000000000000e

Top of Stack: (sp=0x000000010b8123a0)
0x000000010b8123a0:   00000000000000cf 0000000000000000
0x000000010b8123b0:   0000000000000000 0000000000000000
0x000000010b8123c0:   e700db67b9d821b5 0000000000000000
0x000000010b8123d0:   000000011ba4d000 0000000000000001
0x000000010b8123e0:   0000000000000001 0000000000000000
0x000000010b8123f0:   000000010b8124d0 0000000000100004
0x000000010b812400:   0280000000000000 00007ff9c04bdef0
0x000000010b812410:   000000010b812500 000012344030bc6e
0x000000010b812420:   0000000000000000 ffffffffffffffc0
0x000000010b812430:   000000011ba4d000 0000000500000001
0x000000010b812440:   000000011b9de000 00007ff9c0980000
0x000000010b812450:   00007ff9c182a468 00007ff9c04bdf40
0x000000010b812460:   e700db67b9d821b5 0000000000080010
0x000000010b812470:   00007ff9c1800740 00007ff9c1800770
0x000000010b812480:   00007ff9c1800750 00007ff9c1800780
0x000000010b812490:   00007ff9c1800760 00007ff9c18007a0
0x000000010b8124a0:   0000000000000000 0000000000000000
0x000000010b8124b0:   fffffffe00000002 000000011ba4d000
0x000000010b8124c0:   0000000000003083 0000000000000001
0x000000010b8124d0:   ffffffff0b8125c0 0000000000000001
0x000000010b8124e0:   00007ff9c1800790 00007ff9c0996400
0x000000010b8124f0:   0000000000000007 000000011b9de000
0x000000010b812500:   0000003400000000 00007fff8b7fcc70
0x000000010b812510:   0000000006106000 0000000000000000
0x000000010b812520:   000000010b81259c 000000010b8125a0
0x000000010b812530:   000000010b8125a4 00007ff9c05b6ce8
0x000000010b812540:   0000000000000000 0000000000000000
0x000000010b812550:   0000000000000000 00007ff9c05b6ce8
0x000000010b812560:   0000000000000003 00007ff9c1800600
0x000000010b812570:   0000000000000000 00007ff9c1800600
0x000000010b812580:   0000000000000000 000000011be763a0
0x000000010b812590:   000000011be76400 0000000000000000 

Instructions: (pc=0x00007fff8724df93)
0x00007fff8724df73:   10 da 0f 14 c1 0f 16 c3 66 49 0f 7e c6 66 0f 6d
0x00007fff8724df83:   c0 66 49 0f 7e c7 bb 05 00 00 00 e9 bd 02 00 00
0x00007fff8724df93:   4c 8b 31 4c 8b 79 08 e9 2c f9 ff ff f3 0f 10 49
0x00007fff8724dfa3:   08 f2 0f 10 01 66 0f 14 c1 66 49 0f 7e c6 66 0f 

Register to memory mapping:

RAX=0x00007fff8724dc5f: gleRunVertexSubmitImmediate+0x24af in /System/Library/Frameworks/OpenGL.framework/Versions/A/Resources/GLEngine.bundle/GLEngine at 0x00007fff870f2000
RBX=0x0000000000000006 is an unknown value
RCX=0x0000000000000000 is an unknown value
RDX=0x00007fff8724e468: gleRunVertexSubmitImmediate+0x2cb8 in /System/Library/Frameworks/OpenGL.framework/Versions/A/Resources/GLEngine.bundle/GLEngine at 0x00007fff870f2000
RSP=0x000000010b8123a0 is pointing into the stack for thread: 0x00007ff9c0811000
RBP=0x000000010b8125f0 is pointing into the stack for thread: 0x00007ff9c0811000
RSI=0x0000000000000006 is an unknown value
RDI=0x0000000000000027 is an unknown value
R8 =0x0000000001841800 is an unknown value
R9 =0x00007ff9c1800600 is an unknown value
R10=0x00007ff9c05b6d80 is an unknown value
R11=0x00007ff9c1800600 is an unknown value
R12=0x0000000000000004 is an unknown value
R13=0x0000000000809804 is an unknown value
R14=0x00007ff9c1800600 is an unknown value
R15=0x0000000000000001 is an unknown value


Stack: [0x000000010b713000,0x000000010b813000],  sp=0x000000010b8123a0,  free space=1020k
Native frames: (J=compiled Java code, j=interpreted, Vv=VM code, C=native code)
C  [GLEngine+0x15bf93]  gleRunVertexSubmitImmediate+0x27e3
C  [GLEngine+0x288ce]  glDrawArrays_Exec+0x272
j  org.lwjgl.opengl.GL11.nglDrawArrays(IIIJ)V+0
j  org.lwjgl.opengl.GL11.glDrawArrays(III)V+20
j  com.base.engine.Mesh.draw()V+19
j  com.base.engine.Game.render()V+11
j  com.base.engine.MainComponent.render()V+10
j  com.base.engine.MainComponent.run()V+160
j  com.base.engine.MainComponent.start()V+9
j  com.base.engine.MainComponent.main([Ljava/lang/String;)V+28
v  ~StubRoutines::call_stub
V  [libjvm.dylib+0x2dbb58]  JavaCalls::call_helper(JavaValue*, methodHandle*, JavaCallArguments*, Thread*)+0x22a
V  [libjvm.dylib+0x2db928]  JavaCalls::call(JavaValue*, methodHandle, JavaCallArguments*, Thread*)+0x28
V  [libjvm.dylib+0x30f1a6]  jni_invoke_static(JNIEnv_*, JavaValue*, _jobject*, JNICallType, _jmethodID*, JNI_ArgumentPusher*, Thread*)+0xe6
V  [libjvm.dylib+0x308341]  jni_CallStaticVoidMethod+0x10b
C  [java+0x30fe]  JavaMain+0x91d
C  [libsystem_pthread.dylib+0x405a]  _pthread_body+0x83
C  [libsystem_pthread.dylib+0x3fd7]  _pthread_body+0x0
C  [libsystem_pthread.dylib+0x13ed]  thread_start+0xd

Java frames: (J=compiled Java code, j=interpreted, Vv=VM code)
j  org.lwjgl.opengl.GL11.nglDrawArrays(IIIJ)V+0
j  org.lwjgl.opengl.GL11.glDrawArrays(III)V+20
j  com.base.engine.Mesh.draw()V+19
j  com.base.engine.Game.render()V+11
j  com.base.engine.MainComponent.render()V+10
j  com.base.engine.MainComponent.run()V+160
j  com.base.engine.MainComponent.start()V+9
j  com.base.engine.MainComponent.main([Ljava/lang/String;)V+28
v  ~StubRoutines::call_stub

---------------  P R O C E S S  ---------------

Java Threads: ( => current thread )
  0x00007ff9c0928000 JavaThread "AWT-Shutdown" [_thread_blocked, id=26387, stack(0x00000001184ea000,0x00000001185ea000)]
  0x00007ff9c10a3800 JavaThread "AppKit Thread" daemon [_thread_in_native, id=1811, stack(0x00007fff54fcd000,0x00007fff5504d000)]
  0x00007ff9c1035800 JavaThread "Service Thread" daemon [_thread_blocked, id=16387, stack(0x0000000116854000,0x0000000116954000)]
  0x00007ff9c1034800 JavaThread "C2 CompilerThread1" daemon [_thread_blocked, id=15875, stack(0x0000000116751000,0x0000000116851000)]
  0x00007ff9c102b000 JavaThread "C2 CompilerThread0" daemon [_thread_blocked, id=15363, stack(0x000000011664e000,0x000000011674e000)]
  0x00007ff9c1027800 JavaThread "Signal Dispatcher" daemon [_thread_blocked, id=11787, stack(0x000000011654b000,0x000000011664b000)]
  0x00007ff9c0857000 JavaThread "Finalizer" daemon [_thread_blocked, id=9987, stack(0x0000000114baa000,0x0000000114caa000)]
  0x00007ff9c0850800 JavaThread "Reference Handler" daemon [_thread_blocked, id=9475, stack(0x0000000114aa7000,0x0000000114ba7000)]
=>0x00007ff9c0811000 JavaThread "main" [_thread_in_native, id=3331, stack(0x000000010b713000,0x000000010b813000)]

Other Threads:
  0x00007ff9c084e000 VMThread [stack: 0x00000001149a4000,0x0000000114aa4000] [id=8963]
  0x00007ff9c1028800 WatcherThread [stack: 0x0000000116957000,0x0000000116a57000] [id=16899]

VM state:not at safepoint (normal execution)

VM Mutex/Monitor currently owned by a thread: None

Heap
 PSYoungGen      total 38912K, used 5612K [0x00000007d5500000, 0x00000007d8000000, 0x0000000800000000)
  eden space 33792K, 16% used [0x00000007d5500000,0x00000007d5a7b048,0x00000007d7600000)
  from space 5120K, 0% used [0x00000007d7b00000,0x00000007d7b00000,0x00000007d8000000)
  to   space 5120K, 0% used [0x00000007d7600000,0x00000007d7600000,0x00000007d7b00000)
 ParOldGen       total 87040K, used 0K [0x0000000780000000, 0x0000000785500000, 0x00000007d5500000)
  object space 87040K, 0% used [0x0000000780000000,0x0000000780000000,0x0000000785500000)
 PSPermGen       total 21504K, used 4935K [0x000000077ae00000, 0x000000077c300000, 0x0000000780000000)
  object space 21504K, 22% used [0x000000077ae00000,0x000000077b2d1e38,0x000000077c300000)

Card table byte_map: [0x000000010ee00000,0x000000010f22a000] byte_map_base: 0x000000010b229000

Polling page: 0x000000010b852000

Code Cache  [0x000000010be00000, 0x000000010c070000, 0x000000010ee00000)
 total_blobs=308 nmethods=19 adapters=244 free_code_cache=48693Kb largest_free_block=49853824

Compilation events (10 events):
Event: 0.868 Thread 0x00007ff9c102b000 nmethod 15 0x000000010be6df10 code [0x000000010be6e040, 0x000000010be6e0d8]
Event: 0.868 Thread 0x00007ff9c102b000   16             java.nio.StringCharBuffer::get (19 bytes)
Event: 0.870 Thread 0x00007ff9c102b000 nmethod 16 0x000000010be6da10 code [0x000000010be6db80, 0x000000010be6dcf8]
Event: 0.870 Thread 0x00007ff9c102b000   17             java.nio.Buffer::nextGetIndex (31 bytes)
Event: 0.871 Thread 0x00007ff9c102b000 nmethod 17 0x000000010be6d7d0 code [0x000000010be6d900, 0x000000010be6d978]
Event: 0.871 Thread 0x00007ff9c102b000   18             org.lwjgl.MemoryUtil$CharSequenceNT::charAt (28 bytes)
Event: 0.871 Thread 0x00007ff9c1034800 nmethod 13 0x000000010be70810 code [0x000000010be709e0, 0x000000010be70f40]
Event: 0.872 Thread 0x00007ff9c102b000 nmethod 18 0x000000010be71590 code [0x000000010be716e0, 0x000000010be717d8]
Event: 0.874 Thread 0x00007ff9c1034800   19             java.lang.String::equals (81 bytes)
Event: 0.879 Thread 0x00007ff9c1034800 nmethod 19 0x000000010be70250 code [0x000000010be703a0, 0x000000010be70638]

GC Heap History (0 events):
No events

Deoptimization events (0 events):
No events

Internal exceptions (10 events):
Event: 0.937 Thread 0x00007ff9c0811000 Threw 0x00000007d59f8b48 at /HUDSON/workspace/7u-2-build-macosx-x86_64/jdk7u75/1940/hotspot/src/share/vm/prims/jvm.cpp:1281
Event: 0.938 Thread 0x00007ff9c0811000 Threw 0x00000007d59fb928 at /HUDSON/workspace/7u-2-build-macosx-x86_64/jdk7u75/1940/hotspot/src/share/vm/prims/jvm.cpp:1281
Event: 0.940 Thread 0x00007ff9c0811000 Threw 0x00000007d5a078a8 at /HUDSON/workspace/7u-2-build-macosx-x86_64/jdk7u75/1940/hotspot/src/share/vm/prims/jvm.cpp:1281
Event: 0.941 Thread 0x00007ff9c0811000 Threw 0x00000007d5a0a860 at /HUDSON/workspace/7u-2-build-macosx-x86_64/jdk7u75/1940/hotspot/src/share/vm/prims/jvm.cpp:1281
Event: 0.946 Thread 0x00007ff9c0811000 Threw 0x00000007d5a22298 at /HUDSON/workspace/7u-2-build-macosx-x86_64/jdk7u75/1940/hotspot/src/share/vm/prims/jvm.cpp:1281
Event: 0.947 Thread 0x00007ff9c0811000 Threw 0x00000007d5a24958 at /HUDSON/workspace/7u-2-build-macosx-x86_64/jdk7u75/1940/hotspot/src/share/vm/prims/jvm.cpp:1281
Event: 0.948 Thread 0x00007ff9c0811000 Threw 0x00000007d5a28970 at /HUDSON/workspace/7u-2-build-macosx-x86_64/jdk7u75/1940/hotspot/src/share/vm/prims/jvm.cpp:1281
Event: 0.949 Thread 0x00007ff9c0811000 Threw 0x00000007d5a2b858 at /HUDSON/workspace/7u-2-build-macosx-x86_64/jdk7u75/1940/hotspot/src/share/vm/prims/jvm.cpp:1281
Event: 0.952 Thread 0x00007ff9c0811000 Threw 0x00000007d5a3c048 at /HUDSON/workspace/7u-2-build-macosx-x86_64/jdk7u75/1940/hotspot/src/share/vm/prims/jvm.cpp:1281
Event: 0.954 Thread 0x00007ff9c0811000 Threw 0x00000007d5a3e5b0 at /HUDSON/workspace/7u-2-build-macosx-x86_64/jdk7u75/1940/hotspot/src/share/vm/prims/jvm.cpp:1281

Events (10 events):
Event: 0.946 loading class 0x00007ff9c05b2990
Event: 0.946 loading class 0x00007ff9c05b2990 done
Event: 0.948 loading class 0x00007ff9c05b2890
Event: 0.948 loading class 0x00007ff9c05b2890 done
Event: 0.948 loading class 0x00007ff9c05b2a60
Event: 0.948 loading class 0x00007ff9c05b2a60 done
Event: 0.951 loading class 0x00007ff9c044e960
Event: 0.951 loading class 0x00007ff9c044e960 done
Event: 0.953 loading class 0x00007ff9c044ea00
Event: 0.953 loading class 0x00007ff9c044ea00 done


Dynamic libraries:
0x0000000000192000 	/System/Library/Frameworks/Cocoa.framework/Versions/A/Cocoa
0x0000000000192000 	/System/Library/Frameworks/Security.framework/Versions/A/Security
0x0000000000192000 	/System/Library/Frameworks/ApplicationServices.framework/Versions/A/ApplicationServices
0x0000000000192000 	/usr/lib/libz.1.dylib
0x0000000000192000 	/usr/lib/libSystem.B.dylib
0x0000000000192000 	/usr/lib/libobjc.A.dylib
0x0000000000192000 	/System/Library/Frameworks/CoreFoundation.framework/Versions/A/CoreFoundation
0x0000000000192000 	/System/Library/Frameworks/Foundation.framework/Versions/C/Foundation
0x0000000000192000 	/System/Library/Frameworks/AppKit.framework/Versions/C/AppKit
0x0000000000192000 	/System/Library/Frameworks/CoreData.framework/Versions/A/CoreData
0x0000000000192000 	/System/Library/PrivateFrameworks/RemoteViewServices.framework/Versions/A/RemoteViewServices
0x0000000000192000 	/System/Library/PrivateFrameworks/UIFoundation.framework/Versions/A/UIFoundation
0x0000000000192000 	/System/Library/Frameworks/IOSurface.framework/Versions/A/IOSurface
0x0000000000192000 	/System/Library/Frameworks/AudioToolbox.framework/Versions/A/AudioToolbox
0x0000000000192000 	/System/Library/Frameworks/AudioUnit.framework/Versions/A/AudioUnit
0x0000000000192000 	/System/Library/PrivateFrameworks/DataDetectorsCore.framework/Versions/A/DataDetectorsCore
0x0000000000192000 	/System/Library/PrivateFrameworks/DesktopServicesPriv.framework/Versions/A/DesktopServicesPriv
0x0000000000192000 	/System/Library/Frameworks/Carbon.framework/Versions/A/Frameworks/HIToolbox.framework/Versions/A/HIToolbox
0x0000000000192000 	/System/Library/Frameworks/QuartzCore.framework/Versions/A/QuartzCore
0x0000000000192000 	/System/Library/Frameworks/Carbon.framework/Versions/A/Frameworks/SpeechRecognition.framework/Versions/A/SpeechRecognition
0x0000000000192000 	/usr/lib/libauto.dylib
0x0000000000192000 	/usr/lib/libicucore.A.dylib
0x0000000000192000 	/usr/lib/libxml2.2.dylib
0x0000000000192000 	/System/Library/PrivateFrameworks/CoreUI.framework/Versions/A/CoreUI
0x0000000000192000 	/System/Library/Frameworks/CoreAudio.framework/Versions/A/CoreAudio
0x0000000000192000 	/System/Library/Frameworks/DiskArbitration.framework/Versions/A/DiskArbitration
0x0000000000192000 	/usr/lib/liblangid.dylib
0x0000000000192000 	/System/Library/PrivateFrameworks/MultitouchSupport.framework/Versions/A/MultitouchSupport
0x0000000000192000 	/System/Library/Frameworks/IOKit.framework/Versions/A/IOKit
0x0000000000192000 	/usr/lib/libDiagnosticMessagesClient.dylib
0x0000000000192000 	/System/Library/Frameworks/CoreServices.framework/Versions/A/CoreServices
0x0000000000192000 	/System/Library/PrivateFrameworks/PerformanceAnalysis.framework/Versions/A/PerformanceAnalysis
0x0000000000192000 	/System/Library/PrivateFrameworks/GenerationalStorage.framework/Versions/A/GenerationalStorage
0x0000000000192000 	/System/Library/Frameworks/OpenGL.framework/Versions/A/OpenGL
0x0000000000192000 	/System/Library/PrivateFrameworks/Sharing.framework/Versions/A/Sharing
0x0000000000192000 	/System/Library/Frameworks/CoreGraphics.framework/Versions/A/CoreGraphics
0x0000000000192000 	/System/Library/Frameworks/CoreText.framework/Versions/A/CoreText
0x0000000000192000 	/System/Library/Frameworks/ImageIO.framework/Versions/A/ImageIO
0x0000000000192000 	/usr/lib/libextension.dylib
0x0000000000192000 	/System/Library/PrivateFrameworks/Backup.framework/Versions/A/Backup
0x0000000000192000 	/usr/lib/libarchive.2.dylib
0x0000000000192000 	/System/Library/Frameworks/CFNetwork.framework/Versions/A/CFNetwork
0x0000000000192000 	/System/Library/Frameworks/SystemConfiguration.framework/Versions/A/SystemConfiguration
0x0000000000192000 	/usr/lib/libCRFSuite.dylib
0x0000000000192000 	/usr/lib/libc++.1.dylib
0x0000000000192000 	/usr/lib/libc++abi.dylib
0x0000000000192000 	/usr/lib/system/libcache.dylib
0x0000000000192000 	/usr/lib/system/libcommonCrypto.dylib
0x0000000000192000 	/usr/lib/system/libcompiler_rt.dylib
0x0000000000192000 	/usr/lib/system/libcopyfile.dylib
0x0000000000192000 	/usr/lib/system/libcorecrypto.dylib
0x0000000000192000 	/usr/lib/system/libdispatch.dylib
0x0000000000192000 	/usr/lib/system/libdyld.dylib
0x0000000000192000 	/usr/lib/system/libkeymgr.dylib
0x0000000000192000 	/usr/lib/system/liblaunch.dylib
0x0000000000192000 	/usr/lib/system/libmacho.dylib
0x0000000000192000 	/usr/lib/system/libquarantine.dylib
0x0000000000192000 	/usr/lib/system/libremovefile.dylib
0x0000000000192000 	/usr/lib/system/libsystem_asl.dylib
0x0000000000192000 	/usr/lib/system/libsystem_blocks.dylib
0x0000000000192000 	/usr/lib/system/libsystem_c.dylib
0x0000000000192000 	/usr/lib/system/libsystem_configuration.dylib
0x0000000000192000 	/usr/lib/system/libsystem_coreservices.dylib
0x0000000000192000 	/usr/lib/system/libsystem_coretls.dylib
0x0000000000192000 	/usr/lib/system/libsystem_dnssd.dylib
0x0000000000192000 	/usr/lib/system/libsystem_info.dylib
0x0000000000192000 	/usr/lib/system/libsystem_kernel.dylib
0x0000000000192000 	/usr/lib/system/libsystem_m.dylib
0x0000000000192000 	/usr/lib/system/libsystem_malloc.dylib
0x0000000000192000 	/usr/lib/system/libsystem_network.dylib
0x0000000000192000 	/usr/lib/system/libsystem_networkextension.dylib
0x0000000000192000 	/usr/lib/system/libsystem_notify.dylib
0x0000000000192000 	/usr/lib/system/libsystem_platform.dylib
0x0000000000192000 	/usr/lib/system/libsystem_pthread.dylib
0x0000000000192000 	/usr/lib/system/libsystem_sandbox.dylib
0x0000000000192000 	/usr/lib/system/libsystem_secinit.dylib
0x0000000000192000 	/usr/lib/system/libsystem_stats.dylib
0x0000000000192000 	/usr/lib/system/libsystem_trace.dylib
0x0000000000192000 	/usr/lib/system/libunc.dylib
0x0000000000192000 	/usr/lib/system/libunwind.dylib
0x0000000000192000 	/usr/lib/system/libxpc.dylib
0x0000000000192000 	/usr/lib/libbz2.1.0.dylib
0x0000000000192000 	/usr/lib/liblzma.5.dylib
0x0000000000192000 	/usr/lib/libbsm.0.dylib
0x0000000000192000 	/usr/lib/libsqlite3.dylib
0x0000000000192000 	/usr/lib/system/libkxld.dylib
0x0000000000192000 	/usr/lib/libxar.1.dylib
0x0000000000192000 	/usr/lib/libpam.2.dylib
0x0000000000192000 	/usr/lib/libOpenScriptingUtil.dylib
0x0000000000192000 	/System/Library/Frameworks/CoreServices.framework/Versions/A/Frameworks/FSEvents.framework/Versions/A/FSEvents
0x0000000000192000 	/System/Library/Frameworks/CoreServices.framework/Versions/A/Frameworks/CarbonCore.framework/Versions/A/CarbonCore
0x0000000000192000 	/System/Library/Frameworks/CoreServices.framework/Versions/A/Frameworks/Metadata.framework/Versions/A/Metadata
0x0000000000192000 	/System/Library/Frameworks/CoreServices.framework/Versions/A/Frameworks/OSServices.framework/Versions/A/OSServices
0x0000000000192000 	/System/Library/Frameworks/CoreServices.framework/Versions/A/Frameworks/SearchKit.framework/Versions/A/SearchKit
0x0000000000192000 	/System/Library/Frameworks/CoreServices.framework/Versions/A/Frameworks/AE.framework/Versions/A/AE
0x0000000000192000 	/System/Library/Frameworks/CoreServices.framework/Versions/A/Frameworks/LaunchServices.framework/Versions/A/LaunchServices
0x0000000000192000 	/System/Library/Frameworks/CoreServices.framework/Versions/A/Frameworks/DictionaryServices.framework/Versions/A/DictionaryServices
0x0000000000192000 	/System/Library/Frameworks/NetFS.framework/Versions/A/NetFS
0x0000000000192000 	/System/Library/PrivateFrameworks/NetAuth.framework/Versions/A/NetAuth
0x0000000000192000 	/System/Library/PrivateFrameworks/login.framework/Versions/A/Frameworks/loginsupport.framework/Versions/A/loginsupport
0x0000000000192000 	/System/Library/PrivateFrameworks/TCC.framework/Versions/A/TCC
0x0000000000192000 	/usr/lib/libmecabra.dylib
0x0000000000192000 	/System/Library/Frameworks/ApplicationServices.framework/Versions/A/Frameworks/ATS.framework/Versions/A/ATS
0x0000000000192000 	/System/Library/Frameworks/ApplicationServices.framework/Versions/A/Frameworks/ColorSync.framework/Versions/A/ColorSync
0x0000000000192000 	/System/Library/Frameworks/ApplicationServices.framework/Versions/A/Frameworks/HIServices.framework/Versions/A/HIServices
0x0000000000192000 	/System/Library/Frameworks/ApplicationServices.framework/Versions/A/Frameworks/LangAnalysis.framework/Versions/A/LangAnalysis
0x0000000000192000 	/System/Library/Frameworks/ApplicationServices.framework/Versions/A/Frameworks/PrintCore.framework/Versions/A/PrintCore
0x0000000000192000 	/System/Library/Frameworks/ApplicationServices.framework/Versions/A/Frameworks/QD.framework/Versions/A/QD
0x0000000000192000 	/System/Library/Frameworks/ApplicationServices.framework/Versions/A/Frameworks/SpeechSynthesis.framework/Versions/A/SpeechSynthesis
0x0000000000192000 	/System/Library/Frameworks/Accelerate.framework/Versions/A/Accelerate
0x0000000000192000 	/System/Library/Frameworks/Accelerate.framework/Versions/A/Frameworks/vImage.framework/Versions/A/vImage
0x0000000000192000 	/System/Library/Frameworks/Accelerate.framework/Versions/A/Frameworks/vecLib.framework/Versions/A/vecLib
0x0000000000192000 	/System/Library/Frameworks/Accelerate.framework/Versions/A/Frameworks/vecLib.framework/Versions/A/libvDSP.dylib
0x0000000000192000 	/System/Library/Frameworks/Accelerate.framework/Versions/A/Frameworks/vecLib.framework/Versions/A/libvMisc.dylib
0x0000000000192000 	/System/Library/Frameworks/Accelerate.framework/Versions/A/Frameworks/vecLib.framework/Versions/A/libLAPACK.dylib
0x0000000000192000 	/System/Library/Frameworks/Accelerate.framework/Versions/A/Frameworks/vecLib.framework/Versions/A/libBLAS.dylib
0x0000000000192000 	/System/Library/Frameworks/Accelerate.framework/Versions/A/Frameworks/vecLib.framework/Versions/A/libLinearAlgebra.dylib
0x0000000000192000 	/System/Library/Frameworks/ApplicationServices.framework/Versions/A/Frameworks/ATS.framework/Versions/A/Resources/libFontParser.dylib
0x0000000000192000 	/System/Library/Frameworks/ApplicationServices.framework/Versions/A/Frameworks/ATS.framework/Versions/A/Resources/libFontRegistry.dylib
0x0000000000192000 	/System/Library/PrivateFrameworks/AppleVPA.framework/Versions/A/AppleVPA
0x0000000000192000 	/System/Library/PrivateFrameworks/AppleJPEG.framework/Versions/A/AppleJPEG
0x0000000000192000 	/System/Library/Frameworks/ImageIO.framework/Versions/A/Resources/libJPEG.dylib
0x0000000000192000 	/System/Library/Frameworks/ImageIO.framework/Versions/A/Resources/libTIFF.dylib
0x0000000000192000 	/System/Library/Frameworks/ImageIO.framework/Versions/A/Resources/libPng.dylib
0x0000000000192000 	/System/Library/Frameworks/ImageIO.framework/Versions/A/Resources/libGIF.dylib
0x0000000000192000 	/System/Library/Frameworks/ImageIO.framework/Versions/A/Resources/libJP2.dylib
0x0000000000192000 	/System/Library/Frameworks/ImageIO.framework/Versions/A/Resources/libRadiance.dylib
0x0000000000192000 	/System/Library/Frameworks/CoreVideo.framework/Versions/A/CoreVideo
0x0000000000192000 	/System/Library/Frameworks/OpenGL.framework/Versions/A/Libraries/libGLU.dylib
0x0000000000192000 	/System/Library/Frameworks/OpenGL.framework/Versions/A/Libraries/libGFXShared.dylib
0x0000000000192000 	/System/Library/Frameworks/OpenGL.framework/Versions/A/Libraries/libGL.dylib
0x0000000000192000 	/System/Library/Frameworks/OpenGL.framework/Versions/A/Libraries/libGLImage.dylib
0x0000000000192000 	/System/Library/Frameworks/OpenGL.framework/Versions/A/Libraries/libCVMSPluginSupport.dylib
0x0000000000192000 	/System/Library/Frameworks/OpenGL.framework/Versions/A/Libraries/libCoreVMClient.dylib
0x0000000000192000 	/usr/lib/libcups.2.dylib
0x0000000000192000 	/System/Library/Frameworks/Kerberos.framework/Versions/A/Kerberos
0x0000000000192000 	/System/Library/Frameworks/GSS.framework/Versions/A/GSS
0x0000000000192000 	/usr/lib/libresolv.9.dylib
0x0000000000192000 	/usr/lib/libiconv.2.dylib
0x0000000000192000 	/System/Library/PrivateFrameworks/Heimdal.framework/Versions/A/Heimdal
0x0000000000192000 	/usr/lib/libheimdal-asn1.dylib
0x0000000000192000 	/System/Library/Frameworks/OpenDirectory.framework/Versions/A/OpenDirectory
0x0000000000192000 	/System/Library/PrivateFrameworks/CommonAuth.framework/Versions/A/CommonAuth
0x0000000000192000 	/System/Library/Frameworks/OpenDirectory.framework/Versions/A/Frameworks/CFOpenDirectory.framework/Versions/A/CFOpenDirectory
0x0000000000192000 	/System/Library/Frameworks/SecurityFoundation.framework/Versions/A/SecurityFoundation
0x0000000000192000 	/System/Library/PrivateFrameworks/LanguageModeling.framework/Versions/A/LanguageModeling
0x0000000000192000 	/usr/lib/libcmph.dylib
0x0000000000192000 	/System/Library/Frameworks/ServiceManagement.framework/Versions/A/ServiceManagement
0x0000000000192000 	/usr/lib/libxslt.1.dylib
0x0000000000192000 	/System/Library/Frameworks/Carbon.framework/Versions/A/Frameworks/Ink.framework/Versions/A/Ink
0x0000000000192000 	/System/Library/Frameworks/QuartzCore.framework/Versions/A/Frameworks/CoreImage.framework/Versions/A/CoreImage
0x0000000000192000 	/System/Library/PrivateFrameworks/CrashReporterSupport.framework/Versions/A/CrashReporterSupport
0x0000000000192000 	/System/Library/Frameworks/OpenCL.framework/Versions/A/OpenCL
0x0000000000192000 	/System/Library/PrivateFrameworks/FaceCore.framework/Versions/A/FaceCore
0x0000000000192000 	/System/Library/PrivateFrameworks/Ubiquity.framework/Versions/A/Ubiquity
0x0000000000192000 	/System/Library/PrivateFrameworks/IconServices.framework/Versions/A/IconServices
0x0000000000192000 	/System/Library/PrivateFrameworks/ChunkingLibrary.framework/Versions/A/ChunkingLibrary
0x0000000000192000 	/System/Library/PrivateFrameworks/Apple80211.framework/Versions/A/Apple80211
0x0000000000192000 	/System/Library/Frameworks/CoreWLAN.framework/Versions/A/CoreWLAN
0x0000000000192000 	/System/Library/Frameworks/IOBluetooth.framework/Versions/A/IOBluetooth
0x0000000000192000 	/System/Library/PrivateFrameworks/CoreWiFi.framework/Versions/A/CoreWiFi
0x0000000000192000 	/System/Library/Frameworks/CoreBluetooth.framework/Versions/A/CoreBluetooth
0x0000000000192000 	/System/Library/PrivateFrameworks/DebugSymbols.framework/Versions/A/DebugSymbols
0x0000000000192000 	/System/Library/PrivateFrameworks/CoreSymbolication.framework/Versions/A/CoreSymbolication
0x0000000000192000 	/System/Library/PrivateFrameworks/Symbolication.framework/Versions/A/Symbolication
0x0000000000192000 	/System/Library/PrivateFrameworks/SpeechRecognitionCore.framework/Versions/A/SpeechRecognitionCore
0x000000010acb1000 	/Library/Java/JavaVirtualMachines/jdk1.7.0_75.jdk/Contents/Home/jre/lib/server/libjvm.dylib
0x0000000000192000 	/usr/lib/libstdc++.6.dylib
0x000000010b815000 	/Library/Java/JavaVirtualMachines/jdk1.7.0_75.jdk/Contents/Home/jre/lib/libverify.dylib
0x000000010b822000 	/Library/Java/JavaVirtualMachines/jdk1.7.0_75.jdk/Contents/Home/jre/lib/libjava.dylib
0x000000010b873000 	/Library/Java/JavaVirtualMachines/jdk1.7.0_75.jdk/Contents/Home/jre/lib/libzip.dylib
0x0000000114cac000 	/System/Library/Frameworks/JavaVM.framework/Frameworks/JavaRuntimeSupport.framework/JavaRuntimeSupport
0x0000000114cc7000 	/System/Library/Frameworks/JavaVM.framework/Versions/A/Frameworks/JavaNativeFoundation.framework/Versions/A/JavaNativeFoundation
0x0000000114cdc000 	/System/Library/Frameworks/JavaVM.framework/Versions/A/JavaVM
0x0000000000192000 	/System/Library/Frameworks/Carbon.framework/Versions/A/Carbon
0x0000000114ce9000 	/System/Library/PrivateFrameworks/JavaLaunching.framework/Versions/A/JavaLaunching
0x0000000000192000 	/System/Library/Frameworks/Carbon.framework/Versions/A/Frameworks/CommonPanels.framework/Versions/A/CommonPanels
0x0000000000192000 	/System/Library/Frameworks/Carbon.framework/Versions/A/Frameworks/Help.framework/Versions/A/Help
0x0000000000192000 	/System/Library/Frameworks/Carbon.framework/Versions/A/Frameworks/ImageCapture.framework/Versions/A/ImageCapture
0x0000000000192000 	/System/Library/Frameworks/Carbon.framework/Versions/A/Frameworks/OpenScripting.framework/Versions/A/OpenScripting
0x0000000000192000 	/System/Library/Frameworks/Carbon.framework/Versions/A/Frameworks/Print.framework/Versions/A/Print
0x0000000000192000 	/System/Library/Frameworks/Carbon.framework/Versions/A/Frameworks/SecurityHI.framework/Versions/A/SecurityHI
0x0000000116aa4000 	/Library/Java/JavaVirtualMachines/jdk1.7.0_75.jdk/Contents/Home/jre/lib/libawt.dylib
0x0000000116b53000 	/Library/Java/JavaVirtualMachines/jdk1.7.0_75.jdk/Contents/Home/jre/lib/./libmlib_image.dylib
0x0000000116c1f000 	/Library/Java/JavaVirtualMachines/jdk1.7.0_75.jdk/Contents/Home/jre/lib/lwawt/liblwawt.dylib
0x0000000116cd3000 	/Library/Java/JavaVirtualMachines/jdk1.7.0_75.jdk/Contents/Home/jre/lib/libosxapp.dylib
0x0000000000192000 	/System/Library/Frameworks/ExceptionHandling.framework/Versions/A/ExceptionHandling
0x0000000000192000 	/System/Library/PrivateFrameworks/CoreServicesInternal.framework/Versions/A/CoreServicesInternal
0x0000000000192000 	/System/Library/PrivateFrameworks/CloudDocs.framework/Versions/A/CloudDocs
0x0000000000192000 	/System/Library/PrivateFrameworks/CoreDuet.framework/Versions/A/CoreDuet
0x0000000000192000 	/System/Library/Frameworks/CloudKit.framework/Versions/A/CloudKit
0x0000000000192000 	/System/Library/PrivateFrameworks/ProtocolBuffer.framework/Versions/A/ProtocolBuffer
0x0000000000192000 	/System/Library/PrivateFrameworks/CoreDuetDaemonProtocol.framework/Versions/A/CoreDuetDaemonProtocol
0x0000000000192000 	/System/Library/PrivateFrameworks/CoreDuetDebugLogging.framework/Versions/A/CoreDuetDebugLogging
0x0000000000192000 	/System/Library/PrivateFrameworks/MMCS.framework/Versions/A/MMCS
0x0000000000192000 	/System/Library/Frameworks/CoreLocation.framework/Versions/A/CoreLocation
0x0000000000192000 	/System/Library/PrivateFrameworks/ProtectedCloudStorage.framework/Versions/A/ProtectedCloudStorage
0x0000000000192000 	/System/Library/PrivateFrameworks/GeoServices.framework/Versions/A/GeoServices
0x0000000000192000 	/System/Library/Frameworks/CoreGraphics.framework/Versions/A/Resources/libCGCMS.A.dylib
0x0000000000192000 	/System/Library/Frameworks/CoreGraphics.framework/Versions/A/Resources/libRIP.A.dylib
0x0000000000192000 	/System/Library/Frameworks/CoreGraphics.framework/Versions/A/Resources/libCGXType.A.dylib
0x0000000000192000 	/System/Library/Frameworks/OpenCL.framework/Versions/A/Libraries/libcldcpuengine.dylib
0x0000000000192000 	/System/Library/PrivateFrameworks/DiskImages.framework/Versions/A/DiskImages
0x0000000000192000 	/System/Library/Frameworks/DiscRecording.framework/Versions/A/DiscRecording
0x0000000000192000 	/usr/lib/libcsfde.dylib
0x0000000000192000 	/usr/lib/libcurl.4.dylib
0x0000000000192000 	/System/Library/PrivateFrameworks/MediaKit.framework/Versions/A/MediaKit
0x0000000000192000 	/usr/lib/libCoreStorage.dylib
0x0000000000192000 	/System/Library/PrivateFrameworks/EFILogin.framework/Versions/A/EFILogin
0x0000000000192000 	/usr/lib/libutil.dylib
0x0000000000192000 	/System/Library/PrivateFrameworks/FindMyDevice.framework/Versions/A/FindMyDevice
0x0000000000192000 	/System/Library/Frameworks/LDAP.framework/Versions/A/LDAP
0x0000000000192000 	/usr/lib/libsasl2.2.dylib
0x0000000000192000 	/System/Library/PrivateFrameworks/CoreDaemon.framework/Versions/B/CoreDaemon
0x0000000000192000 	/usr/lib/libcrypto.0.9.8.dylib
0x0000000000192000 	/System/Library/PrivateFrameworks/AppleSRP.framework/Versions/A/AppleSRP
0x0000000000192000 	/System/Library/PrivateFrameworks/TrustEvaluationAgent.framework/Versions/A/TrustEvaluationAgent
0x0000000119c60000 	cl_kernels
0x0000000119c62000 	/System/Library/Frameworks/OpenCL.framework/Versions/A/Libraries/ImageFormats/unorm8_bgra.dylib
0x0000000119c51000 	cl_kernels
0x0000000000192000 	/System/Library/PrivateFrameworks/FamilyControls.framework/Versions/A/FamilyControls
0x0000000000192000 	/System/Library/PrivateFrameworks/CommerceKit.framework/Versions/A/Frameworks/CommerceCore.framework/Versions/A/CommerceCore
0x0000000000192000 	/System/Library/PrivateFrameworks/SystemAdministration.framework/Versions/A/SystemAdministration
0x0000000000192000 	/System/Library/PrivateFrameworks/AppContainer.framework/Versions/A/AppContainer
0x0000000000192000 	/System/Library/PrivateFrameworks/SecCodeWrapper.framework/Versions/A/SecCodeWrapper
0x0000000000192000 	/System/Library/Frameworks/DirectoryService.framework/Versions/A/DirectoryService
0x0000000000192000 	/System/Library/PrivateFrameworks/LoginUIKit.framework/Versions/A/Frameworks/LoginUICore.framework/Versions/A/LoginUICore
0x0000000000192000 	/usr/lib/libodfde.dylib
0x000000011aea8000 	/Library/Java/JavaVirtualMachines/jdk1.7.0_75.jdk/Contents/Home/jre/lib/libfontmanager.dylib
0x000000011af0f000 	/Users/Kesten/Documents/GLProjects/lwjgl-2.9.3/native/macosx/liblwjgl.dylib
0x0000000119196000 	/Library/Java/JavaVirtualMachines/jdk1.7.0_75.jdk/Contents/Home/jre/lib/libjawt.dylib
0x0000000000192000 	/System/Library/Frameworks/OpenGL.framework/Versions/A/Resources/GLEngine.bundle/GLEngine
0x0000000000192000 	/System/Library/Frameworks/OpenGL.framework/Versions/A/Libraries/libGLProgrammability.dylib
0x0000000000000000 	/System/Library/Extensions/GeForceTeslaGLDriver.bundle/Contents/MacOS/GeForceTeslaGLDriver
0x000000011af91000 	/System/Library/Extensions/GeForceTeslaGLDriver.bundle/Contents/MacOS/libclh.dylib
0x0000000119199000 	/System/Library/PrivateFrameworks/GPUSupport.framework/Versions/A/Libraries/libGPUSupport.dylib
0x0000000000192000 	/System/Library/Frameworks/OpenGL.framework/Versions/A/Resources/GLRendererFloat.bundle/GLRendererFloat

VM Arguments:
jvm_args: -Djava.library.path=/Users/Kesten/Documents/GLProjects/lwjgl-2.9.3/native/macosx -Dfile.encoding=UTF-8 
java_command: com.base.engine.MainComponent
Launcher Type: SUN_STANDARD

Environment Variables:
PATH=/usr/bin:/bin:/usr/sbin:/sbin
SHELL=/bin/bash
DISPLAY=/private/tmp/com.apple.launchd.GLYdjTjdSA/org.macosforge.xquartz:0

Signal Handlers:
SIGSEGV: [libjvm.dylib+0x52d20d], sa_mask[0]=0xfffefeff, sa_flags=0x00000043
SIGBUS: [libjvm.dylib+0x52d20d], sa_mask[0]=0xfffefeff, sa_flags=0x00000042
SIGFPE: [libjvm.dylib+0x41ee7a], sa_mask[0]=0xfffefeff, sa_flags=0x00000042
SIGPIPE: [libjvm.dylib+0x41ee7a], sa_mask[0]=0xfffefeff, sa_flags=0x00000042
SIGXFSZ: [libjvm.dylib+0x41ee7a], sa_mask[0]=0xfffefeff, sa_flags=0x00000042
SIGILL: [libjvm.dylib+0x41ee7a], sa_mask[0]=0xfffefeff, sa_flags=0x00000042
SIGUSR1: SIG_DFL, sa_mask[0]=0x00000000, sa_flags=0x00000000
SIGUSR2: [libjvm.dylib+0x41e96c], sa_mask[0]=0x00000004, sa_flags=0x00000042
SIGHUP: [libjvm.dylib+0x41cbfd], sa_mask[0]=0xfffefeff, sa_flags=0x00000042
SIGINT: [libjvm.dylib+0x41cbfd], sa_mask[0]=0xfffefeff, sa_flags=0x00000042
SIGTERM: [libjvm.dylib+0x41cbfd], sa_mask[0]=0xfffefeff, sa_flags=0x00000042
SIGQUIT: [libjvm.dylib+0x41cbfd], sa_mask[0]=0xfffefeff, sa_flags=0x00000042


---------------  S Y S T E M  ---------------

OS:Bsduname:Darwin 14.5.0 Darwin Kernel Version 14.5.0: Wed Jul 29 02:26:53 PDT 2015; root:xnu-2782.40.9~1/RELEASE_X86_64 x86_64
rlimit: STACK 8192k, CORE 0k, NPROC 709, NOFILE 10240, AS infinity
load average:2.16 1.59 1.56

CPU:total 2 (2 cores per cpu, 1 threads per core) family 6 model 23 stepping 10, cmov, cx8, fxsr, mmx, sse, sse2, sse3, ssse3, sse4.1, tsc

Memory: 4k page, physical 8388608k(2097152k free)

/proc/meminfo:


vm_info: Java HotSpot(TM) 64-Bit Server VM (24.75-b04) for bsd-amd64 JRE (1.7.0_75-b13), built on Dec 18 2014 21:48:12 by "java_re" with gcc 4.2.1 (Based on Apple Inc. build 5658) (LLVM build 2336.11.00)

time: Tue May 10 20:46:26 2016
elapsed time: 0 seconds

