#
# A fatal error has been detected by the Java Runtime Environment:
#
#  SIGSEGV (0xb) at pc=0x00007fff8724df93, pid=20974, tid=3331
#
# JRE version: Java(TM) SE Runtime Environment (7.0_75-b13) (build 1.7.0_75-b13)
# Java VM: Java HotSpot(TM) 64-Bit Server VM (24.75-b04 mixed mode bsd-amd64 compressed oops)
# Problematic frame:
# C  [GLEngine+0x15bf93]  gleRunVertexSubmitImmediate+0x27e3
#
# Failed to write core dump. Core dumps have been disabled. To enable core dumping, try "ulimit -c unlimited" before starting Java again
#
# If you would like to submit a bug report, please visit:
#   http://bugreport.sun.com/bugreport/crash.jsp
# The crash happened outside the Java Virtual Machine in native code.
# See problematic frame for where to report the bug.
#

---------------  T H R E A D  ---------------

Current thread (0x00007fb828813000):  JavaThread "main" [_thread_in_native, id=3331, stack(0x0000000108947000,0x0000000108a47000)]

siginfo:si_signo=SIGSEGV: si_errno=0, si_code=1 (SEGV_MAPERR), si_addr=0x0000000000000000

Registers:
RAX=0x00007fff8724dc5f, RBX=0x0000000000000006, RCX=0x0000000000000000, RDX=0x00007fff8724e468
RSP=0x0000000108a463a0, RBP=0x0000000108a465f0, RSI=0x0000000000000006, RDI=0x0000000000000027
R8 =0x0000000001841800, R9 =0x00007fb82a000000, R10=0x00007fb82a800670, R11=0x00007fb82a000000
R12=0x0000000000000004, R13=0x0000000000809804, R14=0x00007fb82a000000, R15=0x0000000000000001
RIP=0x00007fff8724df93, EFLAGS=0x0000000000010206, ERR=0x0000000000000004
  TRAPNO=0x000000000000000e

Top of Stack: (sp=0x0000000108a463a0)
0x0000000108a463a0:   00000000000000cf 0000000000000000
0x0000000108a463b0:   0000000000000000 0000000000000000
0x0000000108a463c0:   c700e49027f297f0 0000000000000000
0x0000000108a463d0:   000000019df01000 0000000000000001
0x0000000108a463e0:   0000000000000001 0000000000000000
0x0000000108a463f0:   0000000108a464d0 0000000000100004
0x0000000108a46400:   0280000000000000 00007fb8285812c0
0x0000000108a46410:   0000000108a46500 000012344030bc6e
0x0000000108a46420:   0000000000000000 ffffffffffffffc0
0x0000000108a46430:   000000019df01000 0000000500000001
0x0000000108a46440:   000000019de92000 00007fb828a32400
0x0000000108a46450:   00007fb82a029e68 00007fb828581310
0x0000000108a46460:   c700e49027f297f0 0000000000080010
0x0000000108a46470:   00007fb82a000140 00007fb82a000170
0x0000000108a46480:   00007fb82a000150 00007fb82a000180
0x0000000108a46490:   00007fb82a000160 00007fb82a0001a0
0x0000000108a464a0:   0000000000000000 0000000000000000
0x0000000108a464b0:   fffffffe00000002 000000019df01000
0x0000000108a464c0:   0000000000003083 0000000000000001
0x0000000108a464d0:   ffffffff08a465c0 0000000000000001
0x0000000108a464e0:   00007fb82a000190 00007fb828a14000
0x0000000108a464f0:   0000000000000007 000000019de92000
0x0000000108a46500:   0000003400000000 00007fff8b7fcc70
0x0000000108a46510:   0000000006106000 0000000000000000
0x0000000108a46520:   0000000108a4659c 0000000108a465a0
0x0000000108a46530:   0000000108a465a4 00007fb82a8005d8
0x0000000108a46540:   0000000000000000 0000000000000000
0x0000000108a46550:   0000000000000000 00007fb82a8005d8
0x0000000108a46560:   0000000000000003 00007fb82a000000
0x0000000108a46570:   0000000000000000 00007fb82a000000
0x0000000108a46580:   0000000000000000 000000019e3283a0
0x0000000108a46590:   000000019e328400 0000000000000000 

Instructions: (pc=0x00007fff8724df93)
0x00007fff8724df73:   10 da 0f 14 c1 0f 16 c3 66 49 0f 7e c6 66 0f 6d
0x00007fff8724df83:   c0 66 49 0f 7e c7 bb 05 00 00 00 e9 bd 02 00 00
0x00007fff8724df93:   4c 8b 31 4c 8b 79 08 e9 2c f9 ff ff f3 0f 10 49
0x00007fff8724dfa3:   08 f2 0f 10 01 66 0f 14 c1 66 49 0f 7e c6 66 0f 

Register to memory mapping:

RAX=0x00007fff8724dc5f: gleRunVertexSubmitImmediate+0x24af in /System/Library/Frameworks/OpenGL.framework/Versions/A/Resources/GLEngine.bundle/GLEngine at 0x00007fff870f2000
RBX=0x0000000000000006 is an unknown value
RCX=0x0000000000000000 is an unknown value
RDX=0x00007fff8724e468: gleRunVertexSubmitImmediate+0x2cb8 in /System/Library/Frameworks/OpenGL.framework/Versions/A/Resources/GLEngine.bundle/GLEngine at 0x00007fff870f2000
RSP=0x0000000108a463a0 is pointing into the stack for thread: 0x00007fb828813000
RBP=0x0000000108a465f0 is pointing into the stack for thread: 0x00007fb828813000
RSI=0x0000000000000006 is an unknown value
RDI=0x0000000000000027 is an unknown value
R8 =0x0000000001841800 is an unknown value
R9 =0x00007fb82a000000 is an unknown value
R10=0x00007fb82a800670 is an unknown value
R11=0x00007fb82a000000 is an unknown value
R12=0x0000000000000004 is an unknown value
R13=0x0000000000809804 is an unknown value
R14=0x00007fb82a000000 is an unknown value
R15=0x0000000000000001 is an unknown value


Stack: [0x0000000108947000,0x0000000108a47000],  sp=0x0000000108a463a0,  free space=1020k
Native frames: (J=compiled Java code, j=interpreted, Vv=VM code, C=native code)
C  [GLEngine+0x15bf93]  gleRunVertexSubmitImmediate+0x27e3
C  [GLEngine+0x288ce]  glDrawArrays_Exec+0x272
j  org.lwjgl.opengl.GL11.nglDrawArrays(IIIJ)V+0
j  org.lwjgl.opengl.GL11.glDrawArrays(III)V+20
j  com.base.engine.Mesh.draw()V+19
j  com.base.engine.Game.render()V+11
j  com.base.engine.MainComponent.render()V+10
j  com.base.engine.MainComponent.run()V+160
j  com.base.engine.MainComponent.start()V+9
j  com.base.engine.MainComponent.main([Ljava/lang/String;)V+28
v  ~StubRoutines::call_stub
V  [libjvm.dylib+0x2dbb58]  JavaCalls::call_helper(JavaValue*, methodHandle*, JavaCallArguments*, Thread*)+0x22a
V  [libjvm.dylib+0x2db928]  JavaCalls::call(JavaValue*, methodHandle, JavaCallArguments*, Thread*)+0x28
V  [libjvm.dylib+0x30f1a6]  jni_invoke_static(JNIEnv_*, JavaValue*, _jobject*, JNICallType, _jmethodID*, JNI_ArgumentPusher*, Thread*)+0xe6
V  [libjvm.dylib+0x308341]  jni_CallStaticVoidMethod+0x10b
C  [java+0x30fe]  JavaMain+0x91d
C  [libsystem_pthread.dylib+0x405a]  _pthread_body+0x83
C  [libsystem_pthread.dylib+0x3fd7]  _pthread_body+0x0
C  [libsystem_pthread.dylib+0x13ed]  thread_start+0xd

Java frames: (J=compiled Java code, j=interpreted, Vv=VM code)
j  org.lwjgl.opengl.GL11.nglDrawArrays(IIIJ)V+0
j  org.lwjgl.opengl.GL11.glDrawArrays(III)V+20
j  com.base.engine.Mesh.draw()V+19
j  com.base.engine.Game.render()V+11
j  com.base.engine.MainComponent.render()V+10
j  com.base.engine.MainComponent.run()V+160
j  com.base.engine.MainComponent.start()V+9
j  com.base.engine.MainComponent.main([Ljava/lang/String;)V+28
v  ~StubRoutines::call_stub

---------------  P R O C E S S  ---------------

Java Threads: ( => current thread )
  0x00007fb828962000 JavaThread "AWT-Shutdown" [_thread_blocked, id=27671, stack(0x000000019a99e000,0x000000019aa9e000)]
  0x00007fb82889c800 JavaThread "AppKit Thread" daemon [_thread_in_native, id=1811, stack(0x00007fff57d99000,0x00007fff57e19000)]
  0x00007fb829015000 JavaThread "Service Thread" daemon [_thread_blocked, id=16387, stack(0x0000000198d05000,0x0000000198e05000)]
  0x00007fb829013000 JavaThread "C2 CompilerThread1" daemon [_thread_blocked, id=15875, stack(0x0000000198c02000,0x0000000198d02000)]
  0x00007fb82887f000 JavaThread "C2 CompilerThread0" daemon [_thread_blocked, id=15363, stack(0x0000000198aff000,0x0000000198bff000)]
  0x00007fb82887a000 JavaThread "Signal Dispatcher" daemon [_thread_blocked, id=11787, stack(0x00000001989fc000,0x0000000198afc000)]
  0x00007fb82884e800 JavaThread "Finalizer" daemon [_thread_blocked, id=9987, stack(0x0000000197066000,0x0000000197166000)]
  0x00007fb82884d800 JavaThread "Reference Handler" daemon [_thread_blocked, id=9475, stack(0x0000000196f63000,0x0000000197063000)]
=>0x00007fb828813000 JavaThread "main" [_thread_in_native, id=3331, stack(0x0000000108947000,0x0000000108a47000)]

Other Threads:
  0x00007fb82884b000 VMThread [stack: 0x0000000196e60000,0x0000000196f60000] [id=8963]
  0x00007fb82901d800 WatcherThread [stack: 0x0000000198e08000,0x0000000198f08000] [id=16899]

VM state:not at safepoint (normal execution)

VM Mutex/Monitor currently owned by a thread: None

Heap
 PSYoungGen      total 38912K, used 5612K [0x0000000166300000, 0x0000000168e00000, 0x0000000190e00000)
  eden space 33792K, 16% used [0x0000000166300000,0x000000016687b048,0x0000000168400000)
  from space 5120K, 0% used [0x0000000168900000,0x0000000168900000,0x0000000168e00000)
  to   space 5120K, 0% used [0x0000000168400000,0x0000000168400000,0x0000000168900000)
 ParOldGen       total 87040K, used 0K [0x0000000110e00000, 0x0000000116300000, 0x0000000166300000)
  object space 87040K, 0% used [0x0000000110e00000,0x0000000110e00000,0x0000000116300000)
 PSPermGen       total 21504K, used 4935K [0x000000010bc00000, 0x000000010d100000, 0x0000000110e00000)
  object space 21504K, 22% used [0x000000010bc00000,0x000000010c0d1dd8,0x000000010d100000)

Card table byte_map: [0x0000000190e00000,0x000000019122a000] byte_map_base: 0x00000001905a2000

Polling page: 0x0000000108a86000

Code Cache  [0x0000000108a99000, 0x0000000108d09000, 0x000000010ba99000)
 total_blobs=308 nmethods=19 adapters=244 free_code_cache=48694Kb largest_free_block=49853760

Compilation events (10 events):
Event: 0.877 Thread 0x00007fb82887f000 nmethod 15 0x0000000108b06f10 code [0x0000000108b07040, 0x0000000108b070d8]
Event: 0.877 Thread 0x00007fb82887f000   16             java.nio.StringCharBuffer::get (19 bytes)
Event: 0.879 Thread 0x00007fb829013000 nmethod 13 0x0000000108b06290 code [0x0000000108b06460, 0x0000000108b069c0]
Event: 0.879 Thread 0x00007fb829013000   17             java.nio.Buffer::nextGetIndex (31 bytes)
Event: 0.880 Thread 0x00007fb829013000 nmethod 17 0x0000000108b0d890 code [0x0000000108b0d9c0, 0x0000000108b0da38]
Event: 0.880 Thread 0x00007fb82887f000 nmethod 16 0x0000000108b0a390 code [0x0000000108b0a500, 0x0000000108b0a678]
Event: 0.880 Thread 0x00007fb829013000   18             org.lwjgl.MemoryUtil$CharSequenceNT::charAt (28 bytes)
Event: 0.881 Thread 0x00007fb829013000 nmethod 18 0x0000000108b0a010 code [0x0000000108b0a160, 0x0000000108b0a258]
Event: 0.882 Thread 0x00007fb82887f000   19             java.lang.String::equals (81 bytes)
Event: 0.888 Thread 0x00007fb82887f000 nmethod 19 0x0000000108b09a90 code [0x0000000108b09be0, 0x0000000108b09e78]

GC Heap History (0 events):
No events

Deoptimization events (0 events):
No events

Internal exceptions (10 events):
Event: 0.946 Thread 0x00007fb828813000 Threw 0x00000001667f8b48 at /HUDSON/workspace/7u-2-build-macosx-x86_64/jdk7u75/1940/hotspot/src/share/vm/prims/jvm.cpp:1281
Event: 0.946 Thread 0x00007fb828813000 Threw 0x00000001667fb928 at /HUDSON/workspace/7u-2-build-macosx-x86_64/jdk7u75/1940/hotspot/src/share/vm/prims/jvm.cpp:1281
Event: 0.949 Thread 0x00007fb828813000 Threw 0x00000001668078a8 at /HUDSON/workspace/7u-2-build-macosx-x86_64/jdk7u75/1940/hotspot/src/share/vm/prims/jvm.cpp:1281
Event: 0.949 Thread 0x00007fb828813000 Threw 0x000000016680a800 at /HUDSON/workspace/7u-2-build-macosx-x86_64/jdk7u75/1940/hotspot/src/share/vm/prims/jvm.cpp:1281
Event: 0.953 Thread 0x00007fb828813000 Threw 0x0000000166822238 at /HUDSON/workspace/7u-2-build-macosx-x86_64/jdk7u75/1940/hotspot/src/share/vm/prims/jvm.cpp:1281
Event: 0.954 Thread 0x00007fb828813000 Threw 0x00000001668248f8 at /HUDSON/workspace/7u-2-build-macosx-x86_64/jdk7u75/1940/hotspot/src/share/vm/prims/jvm.cpp:1281
Event: 0.955 Thread 0x00007fb828813000 Threw 0x0000000166828910 at /HUDSON/workspace/7u-2-build-macosx-x86_64/jdk7u75/1940/hotspot/src/share/vm/prims/jvm.cpp:1281
Event: 0.955 Thread 0x00007fb828813000 Threw 0x000000016682b7f8 at /HUDSON/workspace/7u-2-build-macosx-x86_64/jdk7u75/1940/hotspot/src/share/vm/prims/jvm.cpp:1281
Event: 0.960 Thread 0x00007fb828813000 Threw 0x000000016683bfe8 at /HUDSON/workspace/7u-2-build-macosx-x86_64/jdk7u75/1940/hotspot/src/share/vm/prims/jvm.cpp:1281
Event: 0.985 Thread 0x00007fb828813000 Threw 0x000000016683e550 at /HUDSON/workspace/7u-2-build-macosx-x86_64/jdk7u75/1940/hotspot/src/share/vm/prims/jvm.cpp:1281

Events (10 events):
Event: 0.954 loading class 0x00007fb8285a4120
Event: 0.954 loading class 0x00007fb8285a4120 done
Event: 0.955 loading class 0x00007fb8285a43c0
Event: 0.955 loading class 0x00007fb8285a43c0 done
Event: 0.955 loading class 0x00007fb8285a41f0
Event: 0.955 loading class 0x00007fb8285a41f0 done
Event: 0.960 loading class 0x00007fb8284548e0
Event: 0.960 loading class 0x00007fb8284548e0 done
Event: 0.985 loading class 0x00007fb828454970
Event: 0.985 loading class 0x00007fb828454970 done


Dynamic libraries:
0x0000000000192000 	/System/Library/Frameworks/Cocoa.framework/Versions/A/Cocoa
0x0000000000192000 	/System/Library/Frameworks/Security.framework/Versions/A/Security
0x0000000000192000 	/System/Library/Frameworks/ApplicationServices.framework/Versions/A/ApplicationServices
0x0000000000192000 	/usr/lib/libz.1.dylib
0x0000000000192000 	/usr/lib/libSystem.B.dylib
0x0000000000192000 	/usr/lib/libobjc.A.dylib
0x0000000000192000 	/System/Library/Frameworks/CoreFoundation.framework/Versions/A/CoreFoundation
0x0000000000192000 	/System/Library/Frameworks/Foundation.framework/Versions/C/Foundation
0x0000000000192000 	/System/Library/Frameworks/AppKit.framework/Versions/C/AppKit
0x0000000000192000 	/System/Library/Frameworks/CoreData.framework/Versions/A/CoreData
0x0000000000192000 	/System/Library/PrivateFrameworks/RemoteViewServices.framework/Versions/A/RemoteViewServices
0x0000000000192000 	/System/Library/PrivateFrameworks/UIFoundation.framework/Versions/A/UIFoundation
0x0000000000192000 	/System/Library/Frameworks/IOSurface.framework/Versions/A/IOSurface
0x0000000000192000 	/System/Library/Frameworks/AudioToolbox.framework/Versions/A/AudioToolbox
0x0000000000192000 	/System/Library/Frameworks/AudioUnit.framework/Versions/A/AudioUnit
0x0000000000192000 	/System/Library/PrivateFrameworks/DataDetectorsCore.framework/Versions/A/DataDetectorsCore
0x0000000000192000 	/System/Library/PrivateFrameworks/DesktopServicesPriv.framework/Versions/A/DesktopServicesPriv
0x0000000000192000 	/System/Library/Frameworks/Carbon.framework/Versions/A/Frameworks/HIToolbox.framework/Versions/A/HIToolbox
0x0000000000192000 	/System/Library/Frameworks/QuartzCore.framework/Versions/A/QuartzCore
0x0000000000192000 	/System/Library/Frameworks/Carbon.framework/Versions/A/Frameworks/SpeechRecognition.framework/Versions/A/SpeechRecognition
0x0000000000192000 	/usr/lib/libauto.dylib
0x0000000000192000 	/usr/lib/libicucore.A.dylib
0x0000000000192000 	/usr/lib/libxml2.2.dylib
0x0000000000192000 	/System/Library/PrivateFrameworks/CoreUI.framework/Versions/A/CoreUI
0x0000000000192000 	/System/Library/Frameworks/CoreAudio.framework/Versions/A/CoreAudio
0x0000000000192000 	/System/Library/Frameworks/DiskArbitration.framework/Versions/A/DiskArbitration
0x0000000000192000 	/usr/lib/liblangid.dylib
0x0000000000192000 	/System/Library/PrivateFrameworks/MultitouchSupport.framework/Versions/A/MultitouchSupport
0x0000000000192000 	/System/Library/Frameworks/IOKit.framework/Versions/A/IOKit
0x0000000000192000 	/usr/lib/libDiagnosticMessagesClient.dylib
0x0000000000192000 	/System/Library/Frameworks/CoreServices.framework/Versions/A/CoreServices
0x0000000000192000 	/System/Library/PrivateFrameworks/PerformanceAnalysis.framework/Versions/A/PerformanceAnalysis
0x0000000000192000 	/System/Library/PrivateFrameworks/GenerationalStorage.framework/Versions/A/GenerationalStorage
0x0000000000192000 	/System/Library/Frameworks/OpenGL.framework/Versions/A/OpenGL
0x0000000000192000 	/System/Library/PrivateFrameworks/Sharing.framework/Versions/A/Sharing
0x0000000000192000 	/System/Library/Frameworks/CoreGraphics.framework/Versions/A/CoreGraphics
0x0000000000192000 	/System/Library/Frameworks/CoreText.framework/Versions/A/CoreText
0x0000000000192000 	/System/Library/Frameworks/ImageIO.framework/Versions/A/ImageIO
0x0000000000192000 	/usr/lib/libextension.dylib
0x0000000000192000 	/System/Library/PrivateFrameworks/Backup.framework/Versions/A/Backup
0x0000000000192000 	/usr/lib/libarchive.2.dylib
0x0000000000192000 	/System/Library/Frameworks/CFNetwork.framework/Versions/A/CFNetwork
0x0000000000192000 	/System/Library/Frameworks/SystemConfiguration.framework/Versions/A/SystemConfiguration
0x0000000000192000 	/usr/lib/libCRFSuite.dylib
0x0000000000192000 	/usr/lib/libc++.1.dylib
0x0000000000192000 	/usr/lib/libc++abi.dylib
0x0000000000192000 	/usr/lib/system/libcache.dylib
0x0000000000192000 	/usr/lib/system/libcommonCrypto.dylib
0x0000000000192000 	/usr/lib/system/libcompiler_rt.dylib
0x0000000000192000 	/usr/lib/system/libcopyfile.dylib
0x0000000000192000 	/usr/lib/system/libcorecrypto.dylib
0x0000000000192000 	/usr/lib/system/libdispatch.dylib
0x0000000000192000 	/usr/lib/system/libdyld.dylib
0x0000000000192000 	/usr/lib/system/libkeymgr.dylib
0x0000000000192000 	/usr/lib/system/liblaunch.dylib
0x0000000000192000 	/usr/lib/system/libmacho.dylib
0x0000000000192000 	/usr/lib/system/libquarantine.dylib
0x0000000000192000 	/usr/lib/system/libremovefile.dylib
0x0000000000192000 	/usr/lib/system/libsystem_asl.dylib
0x0000000000192000 	/usr/lib/system/libsystem_blocks.dylib
0x0000000000192000 	/usr/lib/system/libsystem_c.dylib
0x0000000000192000 	/usr/lib/system/libsystem_configuration.dylib
0x0000000000192000 	/usr/lib/system/libsystem_coreservices.dylib
0x0000000000192000 	/usr/lib/system/libsystem_coretls.dylib
0x0000000000192000 	/usr/lib/system/libsystem_dnssd.dylib
0x0000000000192000 	/usr/lib/system/libsystem_info.dylib
0x0000000000192000 	/usr/lib/system/libsystem_kernel.dylib
0x0000000000192000 	/usr/lib/system/libsystem_m.dylib
0x0000000000192000 	/usr/lib/system/libsystem_malloc.dylib
0x0000000000192000 	/usr/lib/system/libsystem_network.dylib
0x0000000000192000 	/usr/lib/system/libsystem_networkextension.dylib
0x0000000000192000 	/usr/lib/system/libsystem_notify.dylib
0x0000000000192000 	/usr/lib/system/libsystem_platform.dylib
0x0000000000192000 	/usr/lib/system/libsystem_pthread.dylib
0x0000000000192000 	/usr/lib/system/libsystem_sandbox.dylib
0x0000000000192000 	/usr/lib/system/libsystem_secinit.dylib
0x0000000000192000 	/usr/lib/system/libsystem_stats.dylib
0x0000000000192000 	/usr/lib/system/libsystem_trace.dylib
0x0000000000192000 	/usr/lib/system/libunc.dylib
0x0000000000192000 	/usr/lib/system/libunwind.dylib
0x0000000000192000 	/usr/lib/system/libxpc.dylib
0x0000000000192000 	/usr/lib/libbz2.1.0.dylib
0x0000000000192000 	/usr/lib/liblzma.5.dylib
0x0000000000192000 	/usr/lib/libbsm.0.dylib
0x0000000000192000 	/usr/lib/libsqlite3.dylib
0x0000000000192000 	/usr/lib/system/libkxld.dylib
0x0000000000192000 	/usr/lib/libxar.1.dylib
0x0000000000192000 	/usr/lib/libpam.2.dylib
0x0000000000192000 	/usr/lib/libOpenScriptingUtil.dylib
0x0000000000192000 	/System/Library/Frameworks/CoreServices.framework/Versions/A/Frameworks/FSEvents.framework/Versions/A/FSEvents
0x0000000000192000 	/System/Library/Frameworks/CoreServices.framework/Versions/A/Frameworks/CarbonCore.framework/Versions/A/CarbonCore
0x0000000000192000 	/System/Library/Frameworks/CoreServices.framework/Versions/A/Frameworks/Metadata.framework/Versions/A/Metadata
0x0000000000192000 	/System/Library/Frameworks/CoreServices.framework/Versions/A/Frameworks/OSServices.framework/Versions/A/OSServices
0x0000000000192000 	/System/Library/Frameworks/CoreServices.framework/Versions/A/Frameworks/SearchKit.framework/Versions/A/SearchKit
0x0000000000192000 	/System/Library/Frameworks/CoreServices.framework/Versions/A/Frameworks/AE.framework/Versions/A/AE
0x0000000000192000 	/System/Library/Frameworks/CoreServices.framework/Versions/A/Frameworks/LaunchServices.framework/Versions/A/LaunchServices
0x0000000000192000 	/System/Library/Frameworks/CoreServices.framework/Versions/A/Frameworks/DictionaryServices.framework/Versions/A/DictionaryServices
0x0000000000192000 	/System/Library/Frameworks/NetFS.framework/Versions/A/NetFS
0x0000000000192000 	/System/Library/PrivateFrameworks/NetAuth.framework/Versions/A/NetAuth
0x0000000000192000 	/System/Library/PrivateFrameworks/login.framework/Versions/A/Frameworks/loginsupport.framework/Versions/A/loginsupport
0x0000000000192000 	/System/Library/PrivateFrameworks/TCC.framework/Versions/A/TCC
0x0000000000192000 	/usr/lib/libmecabra.dylib
0x0000000000192000 	/System/Library/Frameworks/ApplicationServices.framework/Versions/A/Frameworks/ATS.framework/Versions/A/ATS
0x0000000000192000 	/System/Library/Frameworks/ApplicationServices.framework/Versions/A/Frameworks/ColorSync.framework/Versions/A/ColorSync
0x0000000000192000 	/System/Library/Frameworks/ApplicationServices.framework/Versions/A/Frameworks/HIServices.framework/Versions/A/HIServices
0x0000000000192000 	/System/Library/Frameworks/ApplicationServices.framework/Versions/A/Frameworks/LangAnalysis.framework/Versions/A/LangAnalysis
0x0000000000192000 	/System/Library/Frameworks/ApplicationServices.framework/Versions/A/Frameworks/PrintCore.framework/Versions/A/PrintCore
0x0000000000192000 	/System/Library/Frameworks/ApplicationServices.framework/Versions/A/Frameworks/QD.framework/Versions/A/QD
0x0000000000192000 	/System/Library/Frameworks/ApplicationServices.framework/Versions/A/Frameworks/SpeechSynthesis.framework/Versions/A/SpeechSynthesis
0x0000000000192000 	/System/Library/Frameworks/Accelerate.framework/Versions/A/Accelerate
0x0000000000192000 	/System/Library/Frameworks/Accelerate.framework/Versions/A/Frameworks/vImage.framework/Versions/A/vImage
0x0000000000192000 	/System/Library/Frameworks/Accelerate.framework/Versions/A/Frameworks/vecLib.framework/Versions/A/vecLib
0x0000000000192000 	/System/Library/Frameworks/Accelerate.framework/Versions/A/Frameworks/vecLib.framework/Versions/A/libvDSP.dylib
0x0000000000192000 	/System/Library/Frameworks/Accelerate.framework/Versions/A/Frameworks/vecLib.framework/Versions/A/libvMisc.dylib
0x0000000000192000 	/System/Library/Frameworks/Accelerate.framework/Versions/A/Frameworks/vecLib.framework/Versions/A/libLAPACK.dylib
0x0000000000192000 	/System/Library/Frameworks/Accelerate.framework/Versions/A/Frameworks/vecLib.framework/Versions/A/libBLAS.dylib
0x0000000000192000 	/System/Library/Frameworks/Accelerate.framework/Versions/A/Frameworks/vecLib.framework/Versions/A/libLinearAlgebra.dylib
0x0000000000192000 	/System/Library/Frameworks/ApplicationServices.framework/Versions/A/Frameworks/ATS.framework/Versions/A/Resources/libFontParser.dylib
0x0000000000192000 	/System/Library/Frameworks/ApplicationServices.framework/Versions/A/Frameworks/ATS.framework/Versions/A/Resources/libFontRegistry.dylib
0x0000000000192000 	/System/Library/PrivateFrameworks/AppleVPA.framework/Versions/A/AppleVPA
0x0000000000192000 	/System/Library/PrivateFrameworks/AppleJPEG.framework/Versions/A/AppleJPEG
0x0000000000192000 	/System/Library/Frameworks/ImageIO.framework/Versions/A/Resources/libJPEG.dylib
0x0000000000192000 	/System/Library/Frameworks/ImageIO.framework/Versions/A/Resources/libTIFF.dylib
0x0000000000192000 	/System/Library/Frameworks/ImageIO.framework/Versions/A/Resources/libPng.dylib
0x0000000000192000 	/System/Library/Frameworks/ImageIO.framework/Versions/A/Resources/libGIF.dylib
0x0000000000192000 	/System/Library/Frameworks/ImageIO.framework/Versions/A/Resources/libJP2.dylib
0x0000000000192000 	/System/Library/Frameworks/ImageIO.framework/Versions/A/Resources/libRadiance.dylib
0x0000000000192000 	/System/Library/Frameworks/CoreVideo.framework/Versions/A/CoreVideo
0x0000000000192000 	/System/Library/Frameworks/OpenGL.framework/Versions/A/Libraries/libGLU.dylib
0x0000000000192000 	/System/Library/Frameworks/OpenGL.framework/Versions/A/Libraries/libGFXShared.dylib
0x0000000000192000 	/System/Library/Frameworks/OpenGL.framework/Versions/A/Libraries/libGL.dylib
0x0000000000192000 	/System/Library/Frameworks/OpenGL.framework/Versions/A/Libraries/libGLImage.dylib
0x0000000000192000 	/System/Library/Frameworks/OpenGL.framework/Versions/A/Libraries/libCVMSPluginSupport.dylib
0x0000000000192000 	/System/Library/Frameworks/OpenGL.framework/Versions/A/Libraries/libCoreVMClient.dylib
0x0000000000192000 	/usr/lib/libcups.2.dylib
0x0000000000192000 	/System/Library/Frameworks/Kerberos.framework/Versions/A/Kerberos
0x0000000000192000 	/System/Library/Frameworks/GSS.framework/Versions/A/GSS
0x0000000000192000 	/usr/lib/libresolv.9.dylib
0x0000000000192000 	/usr/lib/libiconv.2.dylib
0x0000000000192000 	/System/Library/PrivateFrameworks/Heimdal.framework/Versions/A/Heimdal
0x0000000000192000 	/usr/lib/libheimdal-asn1.dylib
0x0000000000192000 	/System/Library/Frameworks/OpenDirectory.framework/Versions/A/OpenDirectory
0x0000000000192000 	/System/Library/PrivateFrameworks/CommonAuth.framework/Versions/A/CommonAuth
0x0000000000192000 	/System/Library/Frameworks/OpenDirectory.framework/Versions/A/Frameworks/CFOpenDirectory.framework/Versions/A/CFOpenDirectory
0x0000000000192000 	/System/Library/Frameworks/SecurityFoundation.framework/Versions/A/SecurityFoundation
0x0000000000192000 	/System/Library/PrivateFrameworks/LanguageModeling.framework/Versions/A/LanguageModeling
0x0000000000192000 	/usr/lib/libcmph.dylib
0x0000000000192000 	/System/Library/Frameworks/ServiceManagement.framework/Versions/A/ServiceManagement
0x0000000000192000 	/usr/lib/libxslt.1.dylib
0x0000000000192000 	/System/Library/Frameworks/Carbon.framework/Versions/A/Frameworks/Ink.framework/Versions/A/Ink
0x0000000000192000 	/System/Library/Frameworks/QuartzCore.framework/Versions/A/Frameworks/CoreImage.framework/Versions/A/CoreImage
0x0000000000192000 	/System/Library/PrivateFrameworks/CrashReporterSupport.framework/Versions/A/CrashReporterSupport
0x0000000000192000 	/System/Library/Frameworks/OpenCL.framework/Versions/A/OpenCL
0x0000000000192000 	/System/Library/PrivateFrameworks/FaceCore.framework/Versions/A/FaceCore
0x0000000000192000 	/System/Library/PrivateFrameworks/Ubiquity.framework/Versions/A/Ubiquity
0x0000000000192000 	/System/Library/PrivateFrameworks/IconServices.framework/Versions/A/IconServices
0x0000000000192000 	/System/Library/PrivateFrameworks/ChunkingLibrary.framework/Versions/A/ChunkingLibrary
0x0000000000192000 	/System/Library/PrivateFrameworks/Apple80211.framework/Versions/A/Apple80211
0x0000000000192000 	/System/Library/Frameworks/CoreWLAN.framework/Versions/A/CoreWLAN
0x0000000000192000 	/System/Library/Frameworks/IOBluetooth.framework/Versions/A/IOBluetooth
0x0000000000192000 	/System/Library/PrivateFrameworks/CoreWiFi.framework/Versions/A/CoreWiFi
0x0000000000192000 	/System/Library/Frameworks/CoreBluetooth.framework/Versions/A/CoreBluetooth
0x0000000000192000 	/System/Library/PrivateFrameworks/DebugSymbols.framework/Versions/A/DebugSymbols
0x0000000000192000 	/System/Library/PrivateFrameworks/CoreSymbolication.framework/Versions/A/CoreSymbolication
0x0000000000192000 	/System/Library/PrivateFrameworks/Symbolication.framework/Versions/A/Symbolication
0x0000000000192000 	/System/Library/PrivateFrameworks/SpeechRecognitionCore.framework/Versions/A/SpeechRecognitionCore
0x0000000107ee5000 	/Library/Java/JavaVirtualMachines/jdk1.7.0_75.jdk/Contents/Home/jre/lib/server/libjvm.dylib
0x0000000000192000 	/usr/lib/libstdc++.6.dylib
0x0000000108a49000 	/Library/Java/JavaVirtualMachines/jdk1.7.0_75.jdk/Contents/Home/jre/lib/libverify.dylib
0x0000000108a56000 	/Library/Java/JavaVirtualMachines/jdk1.7.0_75.jdk/Contents/Home/jre/lib/libjava.dylib
0x0000000108a90000 	/Library/Java/JavaVirtualMachines/jdk1.7.0_75.jdk/Contents/Home/jre/lib/libzip.dylib
0x0000000197168000 	/System/Library/Frameworks/JavaVM.framework/Frameworks/JavaRuntimeSupport.framework/JavaRuntimeSupport
0x0000000197183000 	/System/Library/Frameworks/JavaVM.framework/Versions/A/Frameworks/JavaNativeFoundation.framework/Versions/A/JavaNativeFoundation
0x000000010bb71000 	/System/Library/Frameworks/JavaVM.framework/Versions/A/JavaVM
0x0000000000192000 	/System/Library/Frameworks/Carbon.framework/Versions/A/Carbon
0x0000000197198000 	/System/Library/PrivateFrameworks/JavaLaunching.framework/Versions/A/JavaLaunching
0x0000000000192000 	/System/Library/Frameworks/Carbon.framework/Versions/A/Frameworks/CommonPanels.framework/Versions/A/CommonPanels
0x0000000000192000 	/System/Library/Frameworks/Carbon.framework/Versions/A/Frameworks/Help.framework/Versions/A/Help
0x0000000000192000 	/System/Library/Frameworks/Carbon.framework/Versions/A/Frameworks/ImageCapture.framework/Versions/A/ImageCapture
0x0000000000192000 	/System/Library/Frameworks/Carbon.framework/Versions/A/Frameworks/OpenScripting.framework/Versions/A/OpenScripting
0x0000000000192000 	/System/Library/Frameworks/Carbon.framework/Versions/A/Frameworks/Print.framework/Versions/A/Print
0x0000000000192000 	/System/Library/Frameworks/Carbon.framework/Versions/A/Frameworks/SecurityHI.framework/Versions/A/SecurityHI
0x0000000198f57000 	/Library/Java/JavaVirtualMachines/jdk1.7.0_75.jdk/Contents/Home/jre/lib/libawt.dylib
0x0000000199006000 	/Library/Java/JavaVirtualMachines/jdk1.7.0_75.jdk/Contents/Home/jre/lib/./libmlib_image.dylib
0x00000001990d2000 	/Library/Java/JavaVirtualMachines/jdk1.7.0_75.jdk/Contents/Home/jre/lib/lwawt/liblwawt.dylib
0x0000000199186000 	/Library/Java/JavaVirtualMachines/jdk1.7.0_75.jdk/Contents/Home/jre/lib/libosxapp.dylib
0x0000000000192000 	/System/Library/Frameworks/ExceptionHandling.framework/Versions/A/ExceptionHandling
0x0000000000192000 	/System/Library/PrivateFrameworks/CoreServicesInternal.framework/Versions/A/CoreServicesInternal
0x0000000000192000 	/System/Library/PrivateFrameworks/CloudDocs.framework/Versions/A/CloudDocs
0x0000000000192000 	/System/Library/PrivateFrameworks/CoreDuet.framework/Versions/A/CoreDuet
0x0000000000192000 	/System/Library/Frameworks/CloudKit.framework/Versions/A/CloudKit
0x0000000000192000 	/System/Library/PrivateFrameworks/ProtocolBuffer.framework/Versions/A/ProtocolBuffer
0x0000000000192000 	/System/Library/PrivateFrameworks/CoreDuetDaemonProtocol.framework/Versions/A/CoreDuetDaemonProtocol
0x0000000000192000 	/System/Library/PrivateFrameworks/CoreDuetDebugLogging.framework/Versions/A/CoreDuetDebugLogging
0x0000000000192000 	/System/Library/PrivateFrameworks/MMCS.framework/Versions/A/MMCS
0x0000000000192000 	/System/Library/Frameworks/CoreLocation.framework/Versions/A/CoreLocation
0x0000000000192000 	/System/Library/PrivateFrameworks/ProtectedCloudStorage.framework/Versions/A/ProtectedCloudStorage
0x0000000000192000 	/System/Library/PrivateFrameworks/GeoServices.framework/Versions/A/GeoServices
0x0000000000192000 	/System/Library/Frameworks/CoreGraphics.framework/Versions/A/Resources/libCGCMS.A.dylib
0x0000000000192000 	/System/Library/Frameworks/CoreGraphics.framework/Versions/A/Resources/libRIP.A.dylib
0x0000000000192000 	/System/Library/Frameworks/CoreGraphics.framework/Versions/A/Resources/libCGXType.A.dylib
0x0000000000192000 	/System/Library/Frameworks/OpenCL.framework/Versions/A/Libraries/libcldcpuengine.dylib
0x0000000000192000 	/System/Library/PrivateFrameworks/DiskImages.framework/Versions/A/DiskImages
0x0000000000192000 	/System/Library/Frameworks/DiscRecording.framework/Versions/A/DiscRecording
0x0000000000192000 	/usr/lib/libcsfde.dylib
0x0000000000192000 	/usr/lib/libcurl.4.dylib
0x0000000000192000 	/System/Library/PrivateFrameworks/MediaKit.framework/Versions/A/MediaKit
0x0000000000192000 	/usr/lib/libCoreStorage.dylib
0x0000000000192000 	/System/Library/PrivateFrameworks/EFILogin.framework/Versions/A/EFILogin
0x0000000000192000 	/usr/lib/libutil.dylib
0x0000000000192000 	/System/Library/PrivateFrameworks/FindMyDevice.framework/Versions/A/FindMyDevice
0x0000000000192000 	/System/Library/Frameworks/LDAP.framework/Versions/A/LDAP
0x0000000000192000 	/usr/lib/libsasl2.2.dylib
0x0000000000192000 	/System/Library/PrivateFrameworks/CoreDaemon.framework/Versions/B/CoreDaemon
0x0000000000192000 	/usr/lib/libcrypto.0.9.8.dylib
0x0000000000192000 	/System/Library/PrivateFrameworks/AppleSRP.framework/Versions/A/AppleSRP
0x0000000000192000 	/System/Library/PrivateFrameworks/TrustEvaluationAgent.framework/Versions/A/TrustEvaluationAgent
0x000000019c114000 	cl_kernels
0x000000019c116000 	/System/Library/Frameworks/OpenCL.framework/Versions/A/Libraries/ImageFormats/unorm8_bgra.dylib
0x000000019c105000 	cl_kernels
0x0000000000192000 	/System/Library/PrivateFrameworks/FamilyControls.framework/Versions/A/FamilyControls
0x0000000000192000 	/System/Library/PrivateFrameworks/CommerceKit.framework/Versions/A/Frameworks/CommerceCore.framework/Versions/A/CommerceCore
0x0000000000192000 	/System/Library/PrivateFrameworks/SystemAdministration.framework/Versions/A/SystemAdministration
0x0000000000192000 	/System/Library/PrivateFrameworks/AppContainer.framework/Versions/A/AppContainer
0x0000000000192000 	/System/Library/PrivateFrameworks/SecCodeWrapper.framework/Versions/A/SecCodeWrapper
0x0000000000192000 	/System/Library/Frameworks/DirectoryService.framework/Versions/A/DirectoryService
0x0000000000192000 	/System/Library/PrivateFrameworks/LoginUIKit.framework/Versions/A/Frameworks/LoginUICore.framework/Versions/A/LoginUICore
0x0000000000192000 	/usr/lib/libodfde.dylib
0x000000019d35c000 	/Library/Java/JavaVirtualMachines/jdk1.7.0_75.jdk/Contents/Home/jre/lib/libfontmanager.dylib
0x000000019d3c3000 	/Users/Kesten/Documents/GLProjects/lwjgl-2.9.3/native/macosx/liblwjgl.dylib
0x000000019b64a000 	/Library/Java/JavaVirtualMachines/jdk1.7.0_75.jdk/Contents/Home/jre/lib/libjawt.dylib
0x0000000000192000 	/System/Library/Frameworks/OpenGL.framework/Versions/A/Resources/GLEngine.bundle/GLEngine
0x0000000000192000 	/System/Library/Frameworks/OpenGL.framework/Versions/A/Libraries/libGLProgrammability.dylib
0x0000000000000000 	/System/Library/Extensions/GeForceTeslaGLDriver.bundle/Contents/MacOS/GeForceTeslaGLDriver
0x000000019d445000 	/System/Library/Extensions/GeForceTeslaGLDriver.bundle/Contents/MacOS/libclh.dylib
0x000000019b64d000 	/System/Library/PrivateFrameworks/GPUSupport.framework/Versions/A/Libraries/libGPUSupport.dylib
0x0000000000192000 	/System/Library/Frameworks/OpenGL.framework/Versions/A/Resources/GLRendererFloat.bundle/GLRendererFloat

VM Arguments:
jvm_args: -Djava.library.path=/Users/Kesten/Documents/GLProjects/lwjgl-2.9.3/native/macosx -Dfile.encoding=UTF-8 
java_command: com.base.engine.MainComponent
Launcher Type: SUN_STANDARD

Environment Variables:
PATH=/usr/bin:/bin:/usr/sbin:/sbin
SHELL=/bin/bash
DISPLAY=/private/tmp/com.apple.launchd.GLYdjTjdSA/org.macosforge.xquartz:0

Signal Handlers:
SIGSEGV: [libjvm.dylib+0x52d20d], sa_mask[0]=0xfffefeff, sa_flags=0x00000043
SIGBUS: [libjvm.dylib+0x52d20d], sa_mask[0]=0xfffefeff, sa_flags=0x00000042
SIGFPE: [libjvm.dylib+0x41ee7a], sa_mask[0]=0xfffefeff, sa_flags=0x00000042
SIGPIPE: [libjvm.dylib+0x41ee7a], sa_mask[0]=0xfffefeff, sa_flags=0x00000042
SIGXFSZ: [libjvm.dylib+0x41ee7a], sa_mask[0]=0xfffefeff, sa_flags=0x00000042
SIGILL: [libjvm.dylib+0x41ee7a], sa_mask[0]=0xfffefeff, sa_flags=0x00000042
SIGUSR1: SIG_DFL, sa_mask[0]=0x00000000, sa_flags=0x00000000
SIGUSR2: [libjvm.dylib+0x41e96c], sa_mask[0]=0x00000004, sa_flags=0x00000042
SIGHUP: [libjvm.dylib+0x41cbfd], sa_mask[0]=0xfffefeff, sa_flags=0x00000042
SIGINT: [libjvm.dylib+0x41cbfd], sa_mask[0]=0xfffefeff, sa_flags=0x00000042
SIGTERM: [libjvm.dylib+0x41cbfd], sa_mask[0]=0xfffefeff, sa_flags=0x00000042
SIGQUIT: [libjvm.dylib+0x41cbfd], sa_mask[0]=0xfffefeff, sa_flags=0x00000042


---------------  S Y S T E M  ---------------

OS:Bsduname:Darwin 14.5.0 Darwin Kernel Version 14.5.0: Wed Jul 29 02:26:53 PDT 2015; root:xnu-2782.40.9~1/RELEASE_X86_64 x86_64
rlimit: STACK 8192k, CORE 0k, NPROC 709, NOFILE 10240, AS infinity
load average:1.59 1.49 1.54

CPU:total 2 (2 cores per cpu, 1 threads per core) family 6 model 23 stepping 10, cmov, cx8, fxsr, mmx, sse, sse2, sse3, ssse3, sse4.1, tsc

Memory: 4k page, physical 8388608k(2097152k free)

/proc/meminfo:


vm_info: Java HotSpot(TM) 64-Bit Server VM (24.75-b04) for bsd-amd64 JRE (1.7.0_75-b13), built on Dec 18 2014 21:48:12 by "java_re" with gcc 4.2.1 (Based on Apple Inc. build 5658) (LLVM build 2336.11.00)

time: Tue May 10 20:44:06 2016
elapsed time: 1 seconds

